mode: set
github.com/scusemua/distributed-notebook/common/scheduling/resource/allocation.go:15.54,17.2 1 1
github.com/scusemua/distributed-notebook/common/scheduling/resource/allocation.go:84.41,86.2 1 1
github.com/scusemua/distributed-notebook/common/scheduling/resource/allocation.go:88.43,90.2 1 1
github.com/scusemua/distributed-notebook/common/scheduling/resource/allocation.go:92.68,94.2 1 1
github.com/scusemua/distributed-notebook/common/scheduling/resource/allocation.go:96.55,99.2 2 1
github.com/scusemua/distributed-notebook/common/scheduling/resource/allocation.go:101.42,103.2 1 1
github.com/scusemua/distributed-notebook/common/scheduling/resource/allocation.go:105.46,109.2 3 1
github.com/scusemua/distributed-notebook/common/scheduling/resource/allocation.go:111.45,113.2 1 1
github.com/scusemua/distributed-notebook/common/scheduling/resource/allocation.go:115.44,117.2 1 1
github.com/scusemua/distributed-notebook/common/scheduling/resource/allocation.go:119.42,121.2 1 1
github.com/scusemua/distributed-notebook/common/scheduling/resource/allocation.go:123.40,125.2 1 1
github.com/scusemua/distributed-notebook/common/scheduling/resource/allocation.go:127.47,129.2 1 1
github.com/scusemua/distributed-notebook/common/scheduling/resource/allocation.go:131.47,133.2 1 1
github.com/scusemua/distributed-notebook/common/scheduling/resource/allocation.go:135.43,137.2 1 1
github.com/scusemua/distributed-notebook/common/scheduling/resource/allocation.go:139.43,141.2 1 1
github.com/scusemua/distributed-notebook/common/scheduling/resource/allocation.go:148.86,156.17 2 1
github.com/scusemua/distributed-notebook/common/scheduling/resource/allocation.go:156.17,161.3 4 0
github.com/scusemua/distributed-notebook/common/scheduling/resource/allocation.go:161.8,166.3 4 1
github.com/scusemua/distributed-notebook/common/scheduling/resource/allocation.go:168.2,169.42 2 1
github.com/scusemua/distributed-notebook/common/scheduling/resource/allocation.go:169.42,171.3 1 0
github.com/scusemua/distributed-notebook/common/scheduling/resource/allocation.go:173.2,188.33 2 1
github.com/scusemua/distributed-notebook/common/scheduling/resource/allocation.go:192.38,194.16 2 1
github.com/scusemua/distributed-notebook/common/scheduling/resource/allocation.go:194.16,195.13 1 0
github.com/scusemua/distributed-notebook/common/scheduling/resource/allocation.go:198.2,198.18 1 1
github.com/scusemua/distributed-notebook/common/scheduling/resource/allocation.go:203.44,206.2 1 1
github.com/scusemua/distributed-notebook/common/scheduling/resource/allocation.go:216.42,218.2 1 1
github.com/scusemua/distributed-notebook/common/scheduling/resource/allocation.go:222.57,229.2 1 1
github.com/scusemua/distributed-notebook/common/scheduling/resource/allocation.go:232.39,234.2 1 1
github.com/scusemua/distributed-notebook/common/scheduling/resource/allocation.go:236.44,238.2 1 0
github.com/scusemua/distributed-notebook/common/scheduling/resource/allocation.go:242.39,244.2 1 1
github.com/scusemua/distributed-notebook/common/scheduling/resource/allocation.go:248.41,250.2 1 1
github.com/scusemua/distributed-notebook/common/scheduling/resource/allocation.go:252.71,254.2 1 1
github.com/scusemua/distributed-notebook/common/scheduling/resource/allocation.go:261.43,263.2 1 1
github.com/scusemua/distributed-notebook/common/scheduling/resource/allocation.go:272.59,274.2 1 1
github.com/scusemua/distributed-notebook/common/scheduling/resource/allocation.go:278.44,280.2 1 1
github.com/scusemua/distributed-notebook/common/scheduling/resource/allocation.go:286.71,288.2 1 1
github.com/scusemua/distributed-notebook/common/scheduling/resource/allocation.go:290.52,292.2 1 1
github.com/scusemua/distributed-notebook/common/scheduling/resource/allocation.go:294.54,296.2 1 1
github.com/scusemua/distributed-notebook/common/scheduling/resource/allocation.go:298.55,300.2 1 1
github.com/scusemua/distributed-notebook/common/scheduling/resource/allocation.go:302.62,304.2 1 1
github.com/scusemua/distributed-notebook/common/scheduling/resource/allocation.go:306.52,308.2 1 1
github.com/scusemua/distributed-notebook/common/scheduling/resource/allocation.go:310.46,312.2 1 1
github.com/scusemua/distributed-notebook/common/scheduling/resource/allocation.go:314.57,316.2 1 1
github.com/scusemua/distributed-notebook/common/scheduling/resource/allocation.go:339.56,344.2 1 1
github.com/scusemua/distributed-notebook/common/scheduling/resource/allocation.go:347.74,350.2 2 1
github.com/scusemua/distributed-notebook/common/scheduling/resource/allocation.go:353.78,356.2 2 1
github.com/scusemua/distributed-notebook/common/scheduling/resource/allocation.go:360.84,363.2 2 1
github.com/scusemua/distributed-notebook/common/scheduling/resource/allocation.go:368.74,371.2 2 1
github.com/scusemua/distributed-notebook/common/scheduling/resource/allocation.go:374.109,377.2 2 1
github.com/scusemua/distributed-notebook/common/scheduling/resource/allocation.go:380.82,383.2 2 1
github.com/scusemua/distributed-notebook/common/scheduling/resource/allocation.go:387.78,388.27 1 1
github.com/scusemua/distributed-notebook/common/scheduling/resource/allocation.go:388.27,390.3 1 0
github.com/scusemua/distributed-notebook/common/scheduling/resource/allocation.go:392.2,393.36 2 1
github.com/scusemua/distributed-notebook/common/scheduling/resource/allocation.go:393.36,394.21 1 0
github.com/scusemua/distributed-notebook/common/scheduling/resource/allocation.go:394.21,396.9 2 0
github.com/scusemua/distributed-notebook/common/scheduling/resource/allocation.go:400.2,400.12 1 1
github.com/scusemua/distributed-notebook/common/scheduling/resource/allocation.go:400.12,402.3 1 1
github.com/scusemua/distributed-notebook/common/scheduling/resource/allocation.go:404.2,404.10 1 1
github.com/scusemua/distributed-notebook/common/scheduling/resource/allocation.go:408.100,412.2 3 1
github.com/scusemua/distributed-notebook/common/scheduling/resource/allocation.go:415.71,418.2 2 1
github.com/scusemua/distributed-notebook/common/scheduling/resource/allocation.go:421.73,424.2 2 1
github.com/scusemua/distributed-notebook/common/scheduling/resource/allocation.go:428.81,431.2 2 1
github.com/scusemua/distributed-notebook/common/scheduling/resource/allocation.go:435.79,438.2 2 1
github.com/scusemua/distributed-notebook/common/scheduling/resource/allocation.go:441.65,444.2 2 1
github.com/scusemua/distributed-notebook/common/scheduling/resource/allocation.go:447.68,450.2 2 1
github.com/scusemua/distributed-notebook/common/scheduling/resource/allocation.go:453.67,456.2 2 1
github.com/scusemua/distributed-notebook/common/scheduling/resource/allocation.go:459.70,462.2 2 1
github.com/scusemua/distributed-notebook/common/scheduling/resource/allocation.go:465.67,483.2 1 1
github.com/scusemua/distributed-notebook/common/scheduling/resource/allocation_manager.go:69.72,74.12 4 1
github.com/scusemua/distributed-notebook/common/scheduling/resource/allocation_manager.go:74.12,76.3 1 0
github.com/scusemua/distributed-notebook/common/scheduling/resource/allocation_manager.go:78.2,78.36 1 1
github.com/scusemua/distributed-notebook/common/scheduling/resource/allocation_manager.go:83.73,89.2 4 1
github.com/scusemua/distributed-notebook/common/scheduling/resource/allocation_manager.go:93.91,98.13 4 0
github.com/scusemua/distributed-notebook/common/scheduling/resource/allocation_manager.go:98.13,100.3 1 0
github.com/scusemua/distributed-notebook/common/scheduling/resource/allocation_manager.go:102.2,102.38 1 0
github.com/scusemua/distributed-notebook/common/scheduling/resource/allocation_manager.go:106.71,111.12 4 0
github.com/scusemua/distributed-notebook/common/scheduling/resource/allocation_manager.go:111.12,113.3 1 0
github.com/scusemua/distributed-notebook/common/scheduling/resource/allocation_manager.go:115.2,116.12 2 0
github.com/scusemua/distributed-notebook/common/scheduling/resource/allocation_manager.go:120.72,125.13 4 0
github.com/scusemua/distributed-notebook/common/scheduling/resource/allocation_manager.go:125.13,128.3 1 0
github.com/scusemua/distributed-notebook/common/scheduling/resource/allocation_manager.go:130.2,131.12 2 0
github.com/scusemua/distributed-notebook/common/scheduling/resource/allocation_manager.go:136.91,141.13 4 0
github.com/scusemua/distributed-notebook/common/scheduling/resource/allocation_manager.go:141.13,144.3 1 0
github.com/scusemua/distributed-notebook/common/scheduling/resource/allocation_manager.go:146.2,146.49 1 0
github.com/scusemua/distributed-notebook/common/scheduling/resource/allocation_manager.go:146.49,149.3 1 0
github.com/scusemua/distributed-notebook/common/scheduling/resource/allocation_manager.go:151.2,152.12 2 0
github.com/scusemua/distributed-notebook/common/scheduling/resource/allocation_manager.go:156.86,161.12 4 1
github.com/scusemua/distributed-notebook/common/scheduling/resource/allocation_manager.go:161.12,163.3 1 0
github.com/scusemua/distributed-notebook/common/scheduling/resource/allocation_manager.go:165.2,166.12 2 1
github.com/scusemua/distributed-notebook/common/scheduling/resource/allocation_manager.go:170.84,175.13 4 1
github.com/scusemua/distributed-notebook/common/scheduling/resource/allocation_manager.go:175.13,177.3 1 0
github.com/scusemua/distributed-notebook/common/scheduling/resource/allocation_manager.go:179.2,179.35 1 1
github.com/scusemua/distributed-notebook/common/scheduling/resource/allocation_manager.go:179.35,182.3 1 0
github.com/scusemua/distributed-notebook/common/scheduling/resource/allocation_manager.go:184.2,185.12 2 1
github.com/scusemua/distributed-notebook/common/scheduling/resource/allocation_manager.go:188.59,193.2 1 1
github.com/scusemua/distributed-notebook/common/scheduling/resource/allocation_manager.go:313.139,327.47 2 1
github.com/scusemua/distributed-notebook/common/scheduling/resource/allocation_manager.go:327.47,329.3 1 1
github.com/scusemua/distributed-notebook/common/scheduling/resource/allocation_manager.go:332.2,341.16 8 1
github.com/scusemua/distributed-notebook/common/scheduling/resource/allocation_manager.go:344.102,346.2 1 0
github.com/scusemua/distributed-notebook/common/scheduling/resource/allocation_manager.go:348.104,350.2 1 0
github.com/scusemua/distributed-notebook/common/scheduling/resource/allocation_manager.go:354.44,356.2 1 0
github.com/scusemua/distributed-notebook/common/scheduling/resource/allocation_manager.go:359.48,361.2 1 0
github.com/scusemua/distributed-notebook/common/scheduling/resource/allocation_manager.go:363.50,365.2 1 0
github.com/scusemua/distributed-notebook/common/scheduling/resource/allocation_manager.go:385.66,390.99 4 0
github.com/scusemua/distributed-notebook/common/scheduling/resource/allocation_manager.go:390.99,399.3 3 0
github.com/scusemua/distributed-notebook/common/scheduling/resource/allocation_manager.go:401.2,414.17 3 0
github.com/scusemua/distributed-notebook/common/scheduling/resource/allocation_manager.go:434.83,457.2 9 0
github.com/scusemua/distributed-notebook/common/scheduling/resource/allocation_manager.go:460.106,461.29 1 0
github.com/scusemua/distributed-notebook/common/scheduling/resource/allocation_manager.go:461.29,463.3 1 0
github.com/scusemua/distributed-notebook/common/scheduling/resource/allocation_manager.go:464.2,464.35 1 0
github.com/scusemua/distributed-notebook/common/scheduling/resource/allocation_manager.go:470.56,472.2 1 1
github.com/scusemua/distributed-notebook/common/scheduling/resource/allocation_manager.go:477.56,479.2 1 0
github.com/scusemua/distributed-notebook/common/scheduling/resource/allocation_manager.go:484.60,486.2 1 0
github.com/scusemua/distributed-notebook/common/scheduling/resource/allocation_manager.go:491.56,493.2 1 0
github.com/scusemua/distributed-notebook/common/scheduling/resource/allocation_manager.go:497.64,499.2 1 1
github.com/scusemua/distributed-notebook/common/scheduling/resource/allocation_manager.go:504.56,506.2 1 1
github.com/scusemua/distributed-notebook/common/scheduling/resource/allocation_manager.go:511.56,513.2 1 0
github.com/scusemua/distributed-notebook/common/scheduling/resource/allocation_manager.go:518.60,520.2 1 0
github.com/scusemua/distributed-notebook/common/scheduling/resource/allocation_manager.go:525.58,527.2 1 0
github.com/scusemua/distributed-notebook/common/scheduling/resource/allocation_manager.go:531.64,533.2 1 1
github.com/scusemua/distributed-notebook/common/scheduling/resource/allocation_manager.go:538.61,540.2 1 1
github.com/scusemua/distributed-notebook/common/scheduling/resource/allocation_manager.go:545.61,547.2 1 0
github.com/scusemua/distributed-notebook/common/scheduling/resource/allocation_manager.go:552.65,554.2 1 0
github.com/scusemua/distributed-notebook/common/scheduling/resource/allocation_manager.go:559.63,561.2 1 0
github.com/scusemua/distributed-notebook/common/scheduling/resource/allocation_manager.go:565.69,567.2 1 1
github.com/scusemua/distributed-notebook/common/scheduling/resource/allocation_manager.go:572.58,574.2 1 1
github.com/scusemua/distributed-notebook/common/scheduling/resource/allocation_manager.go:579.58,581.2 1 1
github.com/scusemua/distributed-notebook/common/scheduling/resource/allocation_manager.go:589.59,591.2 1 0
github.com/scusemua/distributed-notebook/common/scheduling/resource/allocation_manager.go:599.59,601.2 1 0
github.com/scusemua/distributed-notebook/common/scheduling/resource/allocation_manager.go:609.63,611.2 1 0
github.com/scusemua/distributed-notebook/common/scheduling/resource/allocation_manager.go:620.59,622.2 1 0
github.com/scusemua/distributed-notebook/common/scheduling/resource/allocation_manager.go:626.67,628.2 1 1
github.com/scusemua/distributed-notebook/common/scheduling/resource/allocation_manager.go:632.62,635.2 1 0
github.com/scusemua/distributed-notebook/common/scheduling/resource/allocation_manager.go:639.58,642.2 1 0
github.com/scusemua/distributed-notebook/common/scheduling/resource/allocation_manager.go:646.58,649.2 1 0
github.com/scusemua/distributed-notebook/common/scheduling/resource/allocation_manager.go:653.58,656.2 1 0
github.com/scusemua/distributed-notebook/common/scheduling/resource/allocation_manager.go:664.67,669.72 4 1
github.com/scusemua/distributed-notebook/common/scheduling/resource/allocation_manager.go:669.72,672.3 1 1
github.com/scusemua/distributed-notebook/common/scheduling/resource/allocation_manager.go:674.2,683.42 5 1
github.com/scusemua/distributed-notebook/common/scheduling/resource/allocation_manager.go:683.42,686.3 2 1
github.com/scusemua/distributed-notebook/common/scheduling/resource/allocation_manager.go:686.8,692.3 2 1
github.com/scusemua/distributed-notebook/common/scheduling/resource/allocation_manager.go:694.2,694.12 1 1
github.com/scusemua/distributed-notebook/common/scheduling/resource/allocation_manager.go:698.90,704.9 5 1
github.com/scusemua/distributed-notebook/common/scheduling/resource/allocation_manager.go:704.9,706.3 1 1
github.com/scusemua/distributed-notebook/common/scheduling/resource/allocation_manager.go:708.2,708.25 1 1
github.com/scusemua/distributed-notebook/common/scheduling/resource/allocation_manager.go:708.25,711.3 1 1
github.com/scusemua/distributed-notebook/common/scheduling/resource/allocation_manager.go:714.2,714.28 1 1
github.com/scusemua/distributed-notebook/common/scheduling/resource/allocation_manager.go:718.97,724.9 5 1
github.com/scusemua/distributed-notebook/common/scheduling/resource/allocation_manager.go:724.9,726.3 1 1
github.com/scusemua/distributed-notebook/common/scheduling/resource/allocation_manager.go:732.2,732.44 1 1
github.com/scusemua/distributed-notebook/common/scheduling/resource/allocation_manager.go:736.92,742.9 5 1
github.com/scusemua/distributed-notebook/common/scheduling/resource/allocation_manager.go:742.9,744.3 1 1
github.com/scusemua/distributed-notebook/common/scheduling/resource/allocation_manager.go:747.2,747.51 1 1
github.com/scusemua/distributed-notebook/common/scheduling/resource/allocation_manager.go:751.79,756.9 4 1
github.com/scusemua/distributed-notebook/common/scheduling/resource/allocation_manager.go:756.9,758.3 1 0
github.com/scusemua/distributed-notebook/common/scheduling/resource/allocation_manager.go:760.2,760.44 1 1
github.com/scusemua/distributed-notebook/common/scheduling/resource/allocation_manager.go:764.75,769.9 4 0
github.com/scusemua/distributed-notebook/common/scheduling/resource/allocation_manager.go:769.9,771.3 1 0
github.com/scusemua/distributed-notebook/common/scheduling/resource/allocation_manager.go:773.2,773.46 1 0
github.com/scusemua/distributed-notebook/common/scheduling/resource/allocation_manager.go:778.137,780.62 1 1
github.com/scusemua/distributed-notebook/common/scheduling/resource/allocation_manager.go:780.62,782.3 1 0
github.com/scusemua/distributed-notebook/common/scheduling/resource/allocation_manager.go:784.2,791.57 4 1
github.com/scusemua/distributed-notebook/common/scheduling/resource/allocation_manager.go:791.57,794.3 1 0
github.com/scusemua/distributed-notebook/common/scheduling/resource/allocation_manager.go:797.2,799.13 3 1
github.com/scusemua/distributed-notebook/common/scheduling/resource/allocation_manager.go:799.13,803.3 2 0
github.com/scusemua/distributed-notebook/common/scheduling/resource/allocation_manager.go:805.2,805.82 1 1
github.com/scusemua/distributed-notebook/common/scheduling/resource/allocation_manager.go:805.82,806.29 1 1
github.com/scusemua/distributed-notebook/common/scheduling/resource/allocation_manager.go:806.29,809.4 2 1
github.com/scusemua/distributed-notebook/common/scheduling/resource/allocation_manager.go:809.9,815.4 3 0
github.com/scusemua/distributed-notebook/common/scheduling/resource/allocation_manager.go:818.2,818.16 1 1
github.com/scusemua/distributed-notebook/common/scheduling/resource/allocation_manager.go:818.16,822.3 2 0
github.com/scusemua/distributed-notebook/common/scheduling/resource/allocation_manager.go:824.2,833.12 8 1
github.com/scusemua/distributed-notebook/common/scheduling/resource/allocation_manager.go:841.113,844.62 1 0
github.com/scusemua/distributed-notebook/common/scheduling/resource/allocation_manager.go:844.62,846.3 1 0
github.com/scusemua/distributed-notebook/common/scheduling/resource/allocation_manager.go:848.2,855.31 5 0
github.com/scusemua/distributed-notebook/common/scheduling/resource/allocation_manager.go:855.31,859.3 2 0
github.com/scusemua/distributed-notebook/common/scheduling/resource/allocation_manager.go:862.2,864.13 3 0
github.com/scusemua/distributed-notebook/common/scheduling/resource/allocation_manager.go:864.13,869.3 3 0
github.com/scusemua/distributed-notebook/common/scheduling/resource/allocation_manager.go:870.2,873.30 2 0
github.com/scusemua/distributed-notebook/common/scheduling/resource/allocation_manager.go:873.30,876.3 1 0
github.com/scusemua/distributed-notebook/common/scheduling/resource/allocation_manager.go:878.2,878.57 1 0
github.com/scusemua/distributed-notebook/common/scheduling/resource/allocation_manager.go:878.57,881.3 2 0
github.com/scusemua/distributed-notebook/common/scheduling/resource/allocation_manager.go:883.2,889.16 3 0
github.com/scusemua/distributed-notebook/common/scheduling/resource/allocation_manager.go:889.16,893.3 2 0
github.com/scusemua/distributed-notebook/common/scheduling/resource/allocation_manager.go:896.2,902.16 5 0
github.com/scusemua/distributed-notebook/common/scheduling/resource/allocation_manager.go:902.16,915.27 9 0
github.com/scusemua/distributed-notebook/common/scheduling/resource/allocation_manager.go:915.27,917.4 1 0
github.com/scusemua/distributed-notebook/common/scheduling/resource/allocation_manager.go:919.3,919.39 1 0
github.com/scusemua/distributed-notebook/common/scheduling/resource/allocation_manager.go:919.39,921.4 1 0
github.com/scusemua/distributed-notebook/common/scheduling/resource/allocation_manager.go:923.3,923.13 1 0
github.com/scusemua/distributed-notebook/common/scheduling/resource/allocation_manager.go:926.2,930.16 2 0
github.com/scusemua/distributed-notebook/common/scheduling/resource/allocation_manager.go:930.16,937.3 2 0
github.com/scusemua/distributed-notebook/common/scheduling/resource/allocation_manager.go:939.2,942.12 2 0
github.com/scusemua/distributed-notebook/common/scheduling/resource/allocation_manager.go:947.94,948.28 1 0
github.com/scusemua/distributed-notebook/common/scheduling/resource/allocation_manager.go:948.28,950.3 1 0
github.com/scusemua/distributed-notebook/common/scheduling/resource/allocation_manager.go:952.2,952.78 1 0
github.com/scusemua/distributed-notebook/common/scheduling/resource/allocation_manager.go:957.96,958.30 1 0
github.com/scusemua/distributed-notebook/common/scheduling/resource/allocation_manager.go:958.30,960.3 1 0
github.com/scusemua/distributed-notebook/common/scheduling/resource/allocation_manager.go:962.2,962.74 1 0
github.com/scusemua/distributed-notebook/common/scheduling/resource/allocation_manager.go:967.50,969.2 1 1
github.com/scusemua/distributed-notebook/common/scheduling/resource/allocation_manager.go:972.59,974.2 1 1
github.com/scusemua/distributed-notebook/common/scheduling/resource/allocation_manager.go:977.57,979.2 1 1
github.com/scusemua/distributed-notebook/common/scheduling/resource/allocation_manager.go:982.91,989.28 5 0
github.com/scusemua/distributed-notebook/common/scheduling/resource/allocation_manager.go:989.28,991.3 1 0
github.com/scusemua/distributed-notebook/common/scheduling/resource/allocation_manager.go:993.2,993.22 1 0
github.com/scusemua/distributed-notebook/common/scheduling/resource/allocation_manager.go:997.51,999.2 1 0
github.com/scusemua/distributed-notebook/common/scheduling/resource/allocation_manager.go:1002.107,1013.94 5 1
github.com/scusemua/distributed-notebook/common/scheduling/resource/allocation_manager.go:1013.94,1015.3 1 0
github.com/scusemua/distributed-notebook/common/scheduling/resource/allocation_manager.go:1017.2,1017.25 1 1
github.com/scusemua/distributed-notebook/common/scheduling/resource/allocation_manager.go:1028.90,1039.94 5 0
github.com/scusemua/distributed-notebook/common/scheduling/resource/allocation_manager.go:1039.94,1042.3 1 0
github.com/scusemua/distributed-notebook/common/scheduling/resource/allocation_manager.go:1044.2,1044.28 1 0
github.com/scusemua/distributed-notebook/common/scheduling/resource/allocation_manager.go:1044.28,1050.3 2 0
github.com/scusemua/distributed-notebook/common/scheduling/resource/allocation_manager.go:1052.2,1052.34 1 0
github.com/scusemua/distributed-notebook/common/scheduling/resource/allocation_manager.go:1052.34,1058.3 2 0
github.com/scusemua/distributed-notebook/common/scheduling/resource/allocation_manager.go:1060.2,1063.12 3 0
github.com/scusemua/distributed-notebook/common/scheduling/resource/allocation_manager.go:1078.116,1092.94 5 1
github.com/scusemua/distributed-notebook/common/scheduling/resource/allocation_manager.go:1092.94,1096.3 2 1
github.com/scusemua/distributed-notebook/common/scheduling/resource/allocation_manager.go:1098.2,1098.30 1 1
github.com/scusemua/distributed-notebook/common/scheduling/resource/allocation_manager.go:1098.30,1103.3 2 1
github.com/scusemua/distributed-notebook/common/scheduling/resource/allocation_manager.go:1106.2,1108.16 3 1
github.com/scusemua/distributed-notebook/common/scheduling/resource/allocation_manager.go:1108.16,1112.3 2 0
github.com/scusemua/distributed-notebook/common/scheduling/resource/allocation_manager.go:1114.2,1119.16 4 1
github.com/scusemua/distributed-notebook/common/scheduling/resource/allocation_manager.go:1119.16,1125.25 3 0
github.com/scusemua/distributed-notebook/common/scheduling/resource/allocation_manager.go:1125.25,1128.14 2 0
github.com/scusemua/distributed-notebook/common/scheduling/resource/allocation_manager.go:1131.3,1133.13 2 0
github.com/scusemua/distributed-notebook/common/scheduling/resource/allocation_manager.go:1136.2,1139.12 2 1
github.com/scusemua/distributed-notebook/common/scheduling/resource/allocation_manager.go:1143.68,1148.57 3 0
github.com/scusemua/distributed-notebook/common/scheduling/resource/allocation_manager.go:1148.57,1153.3 2 0
github.com/scusemua/distributed-notebook/common/scheduling/resource/allocation_manager.go:1155.2,1162.94 3 0
github.com/scusemua/distributed-notebook/common/scheduling/resource/allocation_manager.go:1162.94,1167.3 2 0
github.com/scusemua/distributed-notebook/common/scheduling/resource/allocation_manager.go:1170.2,1170.30 1 0
github.com/scusemua/distributed-notebook/common/scheduling/resource/allocation_manager.go:1170.30,1173.35 1 0
github.com/scusemua/distributed-notebook/common/scheduling/resource/allocation_manager.go:1173.35,1180.4 2 0
github.com/scusemua/distributed-notebook/common/scheduling/resource/allocation_manager.go:1183.3,1183.49 1 0
github.com/scusemua/distributed-notebook/common/scheduling/resource/allocation_manager.go:1183.49,1188.4 2 0
github.com/scusemua/distributed-notebook/common/scheduling/resource/allocation_manager.go:1194.3,1207.17 6 0
github.com/scusemua/distributed-notebook/common/scheduling/resource/allocation_manager.go:1207.17,1212.4 2 0
github.com/scusemua/distributed-notebook/common/scheduling/resource/allocation_manager.go:1216.2,1222.16 4 0
github.com/scusemua/distributed-notebook/common/scheduling/resource/allocation_manager.go:1222.16,1226.3 2 0
github.com/scusemua/distributed-notebook/common/scheduling/resource/allocation_manager.go:1228.2,1228.42 1 0
github.com/scusemua/distributed-notebook/common/scheduling/resource/allocation_manager.go:1251.70,1252.21 1 1
github.com/scusemua/distributed-notebook/common/scheduling/resource/allocation_manager.go:1252.21,1256.3 2 0
github.com/scusemua/distributed-notebook/common/scheduling/resource/allocation_manager.go:1258.2,1268.94 5 1
github.com/scusemua/distributed-notebook/common/scheduling/resource/allocation_manager.go:1268.94,1273.3 2 1
github.com/scusemua/distributed-notebook/common/scheduling/resource/allocation_manager.go:1276.2,1276.30 1 1
github.com/scusemua/distributed-notebook/common/scheduling/resource/allocation_manager.go:1276.30,1282.3 2 0
github.com/scusemua/distributed-notebook/common/scheduling/resource/allocation_manager.go:1284.2,1285.31 2 1
github.com/scusemua/distributed-notebook/common/scheduling/resource/allocation_manager.go:1285.31,1289.3 3 1
github.com/scusemua/distributed-notebook/common/scheduling/resource/allocation_manager.go:1289.8,1292.3 2 0
github.com/scusemua/distributed-notebook/common/scheduling/resource/allocation_manager.go:1295.2,1297.16 2 1
github.com/scusemua/distributed-notebook/common/scheduling/resource/allocation_manager.go:1297.16,1299.3 1 1
github.com/scusemua/distributed-notebook/common/scheduling/resource/allocation_manager.go:1301.2,1301.42 1 1
github.com/scusemua/distributed-notebook/common/scheduling/resource/allocation_manager.go:1313.115,1324.94 5 1
github.com/scusemua/distributed-notebook/common/scheduling/resource/allocation_manager.go:1324.94,1333.3 2 1
github.com/scusemua/distributed-notebook/common/scheduling/resource/allocation_manager.go:1336.2,1336.28 1 1
github.com/scusemua/distributed-notebook/common/scheduling/resource/allocation_manager.go:1336.28,1349.3 2 1
github.com/scusemua/distributed-notebook/common/scheduling/resource/allocation_manager.go:1351.2,1356.148 2 1
github.com/scusemua/distributed-notebook/common/scheduling/resource/allocation_manager.go:1356.148,1362.3 2 0
github.com/scusemua/distributed-notebook/common/scheduling/resource/allocation_manager.go:1367.2,1368.16 2 1
github.com/scusemua/distributed-notebook/common/scheduling/resource/allocation_manager.go:1368.16,1373.13 2 0
github.com/scusemua/distributed-notebook/common/scheduling/resource/allocation_manager.go:1377.2,1379.12 2 1
github.com/scusemua/distributed-notebook/common/scheduling/resource/allocation_manager.go:1386.78,1393.123 4 0
github.com/scusemua/distributed-notebook/common/scheduling/resource/allocation_manager.go:1393.123,1396.3 2 0
github.com/scusemua/distributed-notebook/common/scheduling/resource/allocation_manager.go:1398.2,1406.94 3 0
github.com/scusemua/distributed-notebook/common/scheduling/resource/allocation_manager.go:1406.94,1410.3 2 0
github.com/scusemua/distributed-notebook/common/scheduling/resource/allocation_manager.go:1412.2,1412.33 1 0
github.com/scusemua/distributed-notebook/common/scheduling/resource/allocation_manager.go:1412.33,1413.93 1 0
github.com/scusemua/distributed-notebook/common/scheduling/resource/allocation_manager.go:1416.2,1417.30 2 0
github.com/scusemua/distributed-notebook/common/scheduling/resource/allocation_manager.go:1417.30,1419.3 1 0
github.com/scusemua/distributed-notebook/common/scheduling/resource/allocation_manager.go:1419.8,1421.3 1 0
github.com/scusemua/distributed-notebook/common/scheduling/resource/allocation_manager.go:1423.2,1423.16 1 0
github.com/scusemua/distributed-notebook/common/scheduling/resource/allocation_manager.go:1423.16,1429.13 2 0
github.com/scusemua/distributed-notebook/common/scheduling/resource/allocation_manager.go:1432.2,1433.16 2 0
github.com/scusemua/distributed-notebook/common/scheduling/resource/allocation_manager.go:1433.16,1439.13 2 0
github.com/scusemua/distributed-notebook/common/scheduling/resource/allocation_manager.go:1442.2,1444.12 2 0
github.com/scusemua/distributed-notebook/common/scheduling/resource/allocation_manager.go:1458.120,1463.123 3 0
github.com/scusemua/distributed-notebook/common/scheduling/resource/allocation_manager.go:1463.123,1470.3 3 0
github.com/scusemua/distributed-notebook/common/scheduling/resource/allocation_manager.go:1472.2,1479.16 2 0
github.com/scusemua/distributed-notebook/common/scheduling/resource/allocation_manager.go:1479.16,1481.3 1 0
github.com/scusemua/distributed-notebook/common/scheduling/resource/allocation_manager.go:1481.8,1483.3 1 0
github.com/scusemua/distributed-notebook/common/scheduling/resource/allocation_manager.go:1487.2,1487.20 1 0
github.com/scusemua/distributed-notebook/common/scheduling/resource/allocation_manager.go:1487.20,1490.94 2 0
github.com/scusemua/distributed-notebook/common/scheduling/resource/allocation_manager.go:1490.94,1497.4 3 0
github.com/scusemua/distributed-notebook/common/scheduling/resource/allocation_manager.go:1501.2,1502.93 2 0
github.com/scusemua/distributed-notebook/common/scheduling/resource/allocation_manager.go:1502.93,1509.3 3 0
github.com/scusemua/distributed-notebook/common/scheduling/resource/allocation_manager.go:1512.2,1533.16 3 0
github.com/scusemua/distributed-notebook/common/scheduling/resource/allocation_manager.go:1533.16,1540.3 3 0
github.com/scusemua/distributed-notebook/common/scheduling/resource/allocation_manager.go:1540.8,1548.3 3 0
github.com/scusemua/distributed-notebook/common/scheduling/resource/allocation_manager.go:1550.2,1550.16 1 0
github.com/scusemua/distributed-notebook/common/scheduling/resource/allocation_manager.go:1550.16,1555.3 3 0
github.com/scusemua/distributed-notebook/common/scheduling/resource/allocation_manager.go:1557.2,1559.16 3 0
github.com/scusemua/distributed-notebook/common/scheduling/resource/allocation_manager.go:1559.16,1560.13 1 0
github.com/scusemua/distributed-notebook/common/scheduling/resource/allocation_manager.go:1563.2,1565.12 2 0
github.com/scusemua/distributed-notebook/common/scheduling/resource/allocation_manager.go:1574.116,1580.100 4 1
github.com/scusemua/distributed-notebook/common/scheduling/resource/allocation_manager.go:1580.100,1587.3 3 0
github.com/scusemua/distributed-notebook/common/scheduling/resource/allocation_manager.go:1589.2,1597.93 3 1
github.com/scusemua/distributed-notebook/common/scheduling/resource/allocation_manager.go:1597.93,1600.33 1 0
github.com/scusemua/distributed-notebook/common/scheduling/resource/allocation_manager.go:1600.33,1602.18 2 0
github.com/scusemua/distributed-notebook/common/scheduling/resource/allocation_manager.go:1602.18,1606.5 2 0
github.com/scusemua/distributed-notebook/common/scheduling/resource/allocation_manager.go:1608.4,1616.14 6 0
github.com/scusemua/distributed-notebook/common/scheduling/resource/allocation_manager.go:1619.3,1622.53 2 0
github.com/scusemua/distributed-notebook/common/scheduling/resource/allocation_manager.go:1626.2,1626.42 1 1
github.com/scusemua/distributed-notebook/common/scheduling/resource/allocation_manager.go:1626.42,1628.101 2 1
github.com/scusemua/distributed-notebook/common/scheduling/resource/allocation_manager.go:1628.101,1631.35 1 0
github.com/scusemua/distributed-notebook/common/scheduling/resource/allocation_manager.go:1631.35,1632.109 1 0
github.com/scusemua/distributed-notebook/common/scheduling/resource/allocation_manager.go:1635.4,1636.18 2 0
github.com/scusemua/distributed-notebook/common/scheduling/resource/allocation_manager.go:1636.18,1640.5 2 0
github.com/scusemua/distributed-notebook/common/scheduling/resource/allocation_manager.go:1642.4,1658.14 11 0
github.com/scusemua/distributed-notebook/common/scheduling/resource/allocation_manager.go:1663.2,1684.16 5 1
github.com/scusemua/distributed-notebook/common/scheduling/resource/allocation_manager.go:1684.16,1688.3 2 1
github.com/scusemua/distributed-notebook/common/scheduling/resource/allocation_manager.go:1690.2,1691.16 2 1
github.com/scusemua/distributed-notebook/common/scheduling/resource/allocation_manager.go:1691.16,1694.13 2 0
github.com/scusemua/distributed-notebook/common/scheduling/resource/allocation_manager.go:1699.2,1704.12 3 1
github.com/scusemua/distributed-notebook/common/scheduling/resource/allocation_manager.go:1715.84,1728.94 6 1
github.com/scusemua/distributed-notebook/common/scheduling/resource/allocation_manager.go:1728.94,1734.3 2 1
github.com/scusemua/distributed-notebook/common/scheduling/resource/allocation_manager.go:1736.2,1740.30 2 1
github.com/scusemua/distributed-notebook/common/scheduling/resource/allocation_manager.go:1740.30,1748.17 3 0
github.com/scusemua/distributed-notebook/common/scheduling/resource/allocation_manager.go:1748.17,1754.14 2 0
github.com/scusemua/distributed-notebook/common/scheduling/resource/allocation_manager.go:1758.3,1759.41 2 0
github.com/scusemua/distributed-notebook/common/scheduling/resource/allocation_manager.go:1760.8,1766.17 3 1
github.com/scusemua/distributed-notebook/common/scheduling/resource/allocation_manager.go:1766.17,1771.14 2 0
github.com/scusemua/distributed-notebook/common/scheduling/resource/allocation_manager.go:1775.2,1776.16 2 1
github.com/scusemua/distributed-notebook/common/scheduling/resource/allocation_manager.go:1776.16,1781.13 2 0
github.com/scusemua/distributed-notebook/common/scheduling/resource/allocation_manager.go:1784.2,1789.12 4 1
github.com/scusemua/distributed-notebook/common/scheduling/resource/allocation_manager.go:1794.87,1796.2 1 0
github.com/scusemua/distributed-notebook/common/scheduling/resource/allocation_manager.go:1799.111,1810.94 5 0
github.com/scusemua/distributed-notebook/common/scheduling/resource/allocation_manager.go:1810.94,1814.3 2 0
github.com/scusemua/distributed-notebook/common/scheduling/resource/allocation_manager.go:1816.2,1816.42 1 0
github.com/scusemua/distributed-notebook/common/scheduling/resource/allocation_manager.go:1824.105,1828.82 3 0
github.com/scusemua/distributed-notebook/common/scheduling/resource/allocation_manager.go:1828.82,1830.3 1 0
github.com/scusemua/distributed-notebook/common/scheduling/resource/allocation_manager.go:1832.2,1832.18 1 0
github.com/scusemua/distributed-notebook/common/scheduling/resource/allocation_manager.go:1839.98,1844.16 4 0
github.com/scusemua/distributed-notebook/common/scheduling/resource/allocation_manager.go:1844.16,1846.3 1 0
github.com/scusemua/distributed-notebook/common/scheduling/resource/allocation_manager.go:1848.2,1848.18 1 0
github.com/scusemua/distributed-notebook/common/scheduling/resource/allocation_manager.go:1858.80,1863.2 3 1
github.com/scusemua/distributed-notebook/common/scheduling/resource/allocation_manager.go:1871.81,1876.2 3 1
github.com/scusemua/distributed-notebook/common/scheduling/resource/allocation_manager.go:1881.63,1883.2 1 0
github.com/scusemua/distributed-notebook/common/scheduling/resource/allocation_manager.go:1888.64,1890.2 1 0
github.com/scusemua/distributed-notebook/common/scheduling/resource/allocation_manager.go:1894.61,1899.2 3 0
github.com/scusemua/distributed-notebook/common/scheduling/resource/allocation_manager.go:1906.73,1908.2 1 0
github.com/scusemua/distributed-notebook/common/scheduling/resource/allocation_manager.go:1923.67,1930.17 2 1
github.com/scusemua/distributed-notebook/common/scheduling/resource/allocation_manager.go:1930.17,1933.3 1 0
github.com/scusemua/distributed-notebook/common/scheduling/resource/allocation_manager.go:1936.2,1937.17 2 1
github.com/scusemua/distributed-notebook/common/scheduling/resource/allocation_manager.go:1937.17,1940.3 1 0
github.com/scusemua/distributed-notebook/common/scheduling/resource/allocation_manager.go:1943.2,1944.17 2 1
github.com/scusemua/distributed-notebook/common/scheduling/resource/allocation_manager.go:1944.17,1947.3 1 0
github.com/scusemua/distributed-notebook/common/scheduling/resource/allocation_manager.go:1950.2,1951.17 2 1
github.com/scusemua/distributed-notebook/common/scheduling/resource/allocation_manager.go:1951.17,1954.3 1 0
github.com/scusemua/distributed-notebook/common/scheduling/resource/allocation_manager.go:1961.2,1962.13 2 1
github.com/scusemua/distributed-notebook/common/scheduling/resource/allocation_manager.go:1962.13,1967.3 1 0
github.com/scusemua/distributed-notebook/common/scheduling/resource/allocation_manager.go:1970.2,1971.13 2 1
github.com/scusemua/distributed-notebook/common/scheduling/resource/allocation_manager.go:1971.13,1976.3 1 0
github.com/scusemua/distributed-notebook/common/scheduling/resource/allocation_manager.go:1981.2,1982.43 2 1
github.com/scusemua/distributed-notebook/common/scheduling/resource/allocation_manager.go:1982.43,1989.16 3 1
github.com/scusemua/distributed-notebook/common/scheduling/resource/allocation_manager.go:1989.16,1994.4 1 0
github.com/scusemua/distributed-notebook/common/scheduling/resource/allocation_manager.go:1997.3,1998.14 2 1
github.com/scusemua/distributed-notebook/common/scheduling/resource/allocation_manager.go:1998.14,2002.4 1 0
github.com/scusemua/distributed-notebook/common/scheduling/resource/allocation_manager.go:2005.2,2005.12 1 1
github.com/scusemua/distributed-notebook/common/scheduling/resource/allocation_manager.go:2008.132,2012.88 2 1
github.com/scusemua/distributed-notebook/common/scheduling/resource/allocation_manager.go:2012.88,2014.3 1 0
github.com/scusemua/distributed-notebook/common/scheduling/resource/allocation_manager.go:2016.2,2025.38 5 1
github.com/scusemua/distributed-notebook/common/scheduling/resource/allocation_manager.go:2025.38,2027.3 1 0
github.com/scusemua/distributed-notebook/common/scheduling/resource/allocation_manager.go:2030.2,2031.16 2 1
github.com/scusemua/distributed-notebook/common/scheduling/resource/allocation_manager.go:2031.16,2033.13 2 0
github.com/scusemua/distributed-notebook/common/scheduling/resource/allocation_manager.go:2036.2,2036.26 1 1
github.com/scusemua/distributed-notebook/common/scheduling/resource/allocation_manager.go:2036.26,2038.17 2 0
github.com/scusemua/distributed-notebook/common/scheduling/resource/allocation_manager.go:2038.17,2041.4 2 0
github.com/scusemua/distributed-notebook/common/scheduling/resource/allocation_manager.go:2045.2,2047.12 2 1
github.com/scusemua/distributed-notebook/common/scheduling/resource/allocation_manager.go:2054.88,2060.80 2 1
github.com/scusemua/distributed-notebook/common/scheduling/resource/allocation_manager.go:2060.80,2064.3 2 1
github.com/scusemua/distributed-notebook/common/scheduling/resource/allocation_manager.go:2068.2,2068.69 1 1
github.com/scusemua/distributed-notebook/common/scheduling/resource/allocation_manager.go:2068.69,2070.3 1 0
github.com/scusemua/distributed-notebook/common/scheduling/resource/allocation_manager.go:2072.2,2085.38 6 1
github.com/scusemua/distributed-notebook/common/scheduling/resource/allocation_manager.go:2085.38,2087.3 1 0
github.com/scusemua/distributed-notebook/common/scheduling/resource/allocation_manager.go:2089.2,2089.26 1 1
github.com/scusemua/distributed-notebook/common/scheduling/resource/allocation_manager.go:2089.26,2091.17 2 0
github.com/scusemua/distributed-notebook/common/scheduling/resource/allocation_manager.go:2091.17,2094.4 2 0
github.com/scusemua/distributed-notebook/common/scheduling/resource/allocation_manager.go:2098.2,2099.16 2 1
github.com/scusemua/distributed-notebook/common/scheduling/resource/allocation_manager.go:2099.16,2101.13 2 0
github.com/scusemua/distributed-notebook/common/scheduling/resource/allocation_manager.go:2105.2,2107.12 2 1
github.com/scusemua/distributed-notebook/common/scheduling/resource/allocation_manager.go:2117.139,2123.91 2 1
github.com/scusemua/distributed-notebook/common/scheduling/resource/allocation_manager.go:2123.91,2128.3 2 0
github.com/scusemua/distributed-notebook/common/scheduling/resource/allocation_manager.go:2130.2,2130.82 1 1
github.com/scusemua/distributed-notebook/common/scheduling/resource/allocation_manager.go:2130.82,2133.23 2 1
github.com/scusemua/distributed-notebook/common/scheduling/resource/allocation_manager.go:2133.23,2135.4 1 1
github.com/scusemua/distributed-notebook/common/scheduling/resource/allocation_manager.go:2137.3,2137.50 1 1
github.com/scusemua/distributed-notebook/common/scheduling/resource/allocation_manager.go:2140.2,2140.16 1 1
github.com/scusemua/distributed-notebook/common/scheduling/resource/allocation_manager.go:2140.16,2147.38 3 1
github.com/scusemua/distributed-notebook/common/scheduling/resource/allocation_manager.go:2147.38,2151.4 2 0
github.com/scusemua/distributed-notebook/common/scheduling/resource/allocation_manager.go:2154.3,2154.76 1 1
github.com/scusemua/distributed-notebook/common/scheduling/resource/allocation_manager.go:2154.76,2156.4 1 1
github.com/scusemua/distributed-notebook/common/scheduling/resource/allocation_manager.go:2158.3,2158.13 1 0
github.com/scusemua/distributed-notebook/common/scheduling/resource/allocation_manager.go:2161.2,2166.22 2 1
github.com/scusemua/distributed-notebook/common/scheduling/resource/allocation_manager.go:2166.22,2169.3 1 1
github.com/scusemua/distributed-notebook/common/scheduling/resource/allocation_manager.go:2171.2,2187.61 9 1
github.com/scusemua/distributed-notebook/common/scheduling/resource/allocation_manager.go:2187.61,2189.128 1 0
github.com/scusemua/distributed-notebook/common/scheduling/resource/allocation_manager.go:2194.2,2207.38 7 1
github.com/scusemua/distributed-notebook/common/scheduling/resource/allocation_manager.go:2207.38,2209.3 1 0
github.com/scusemua/distributed-notebook/common/scheduling/resource/allocation_manager.go:2212.2,2213.16 2 1
github.com/scusemua/distributed-notebook/common/scheduling/resource/allocation_manager.go:2213.16,2216.3 2 0
github.com/scusemua/distributed-notebook/common/scheduling/resource/allocation_manager.go:2218.2,2218.26 1 1
github.com/scusemua/distributed-notebook/common/scheduling/resource/allocation_manager.go:2218.26,2220.17 2 0
github.com/scusemua/distributed-notebook/common/scheduling/resource/allocation_manager.go:2220.17,2223.4 2 0
github.com/scusemua/distributed-notebook/common/scheduling/resource/allocation_manager.go:2226.2,2226.21 1 1
github.com/scusemua/distributed-notebook/common/scheduling/resource/allocation_manager.go:2226.21,2228.3 1 0
github.com/scusemua/distributed-notebook/common/scheduling/resource/allocation_manager.go:2232.2,2238.12 4 1
github.com/scusemua/distributed-notebook/common/scheduling/resource/allocation_manager.go:2244.108,2247.51 2 1
github.com/scusemua/distributed-notebook/common/scheduling/resource/allocation_manager.go:2247.51,2253.53 3 1
github.com/scusemua/distributed-notebook/common/scheduling/resource/allocation_manager.go:2253.53,2256.11 2 1
github.com/scusemua/distributed-notebook/common/scheduling/resource/allocation_manager.go:2256.11,2257.76 1 0
github.com/scusemua/distributed-notebook/common/scheduling/resource/allocation_manager.go:2260.4,2263.52 2 1
github.com/scusemua/distributed-notebook/common/scheduling/resource/allocation_manager.go:2266.3,2266.22 1 1
github.com/scusemua/distributed-notebook/common/scheduling/resource/allocation_manager.go:2269.2,2269.50 1 0
github.com/scusemua/distributed-notebook/common/scheduling/resource/allocation_manager.go:2269.50,2273.102 2 0
github.com/scusemua/distributed-notebook/common/scheduling/resource/allocation_manager.go:2276.2,2281.15 4 0
github.com/scusemua/distributed-notebook/common/scheduling/resource/allocation_manager.go:2281.15,2285.65 2 0
github.com/scusemua/distributed-notebook/common/scheduling/resource/allocation_manager.go:2289.2,2291.21 2 0
github.com/scusemua/distributed-notebook/common/scheduling/resource/allocation_manager.go:2310.143,2311.23 1 1
github.com/scusemua/distributed-notebook/common/scheduling/resource/allocation_manager.go:2311.23,2312.50 1 0
github.com/scusemua/distributed-notebook/common/scheduling/resource/allocation_manager.go:2316.2,2316.17 1 1
github.com/scusemua/distributed-notebook/common/scheduling/resource/allocation_manager.go:2316.17,2318.3 1 0
github.com/scusemua/distributed-notebook/common/scheduling/resource/allocation_manager.go:2320.2,2327.48 5 1
github.com/scusemua/distributed-notebook/common/scheduling/resource/allocation_manager.go:2327.48,2329.3 1 1
github.com/scusemua/distributed-notebook/common/scheduling/resource/allocation_manager.go:2330.2,2336.82 3 1
github.com/scusemua/distributed-notebook/common/scheduling/resource/allocation_manager.go:2336.82,2339.23 2 1
github.com/scusemua/distributed-notebook/common/scheduling/resource/allocation_manager.go:2339.23,2341.4 1 1
github.com/scusemua/distributed-notebook/common/scheduling/resource/allocation_manager.go:2343.3,2343.34 1 1
github.com/scusemua/distributed-notebook/common/scheduling/resource/allocation_manager.go:2346.2,2346.16 1 1
github.com/scusemua/distributed-notebook/common/scheduling/resource/allocation_manager.go:2346.16,2350.13 2 0
github.com/scusemua/distributed-notebook/common/scheduling/resource/allocation_manager.go:2354.2,2355.16 2 1
github.com/scusemua/distributed-notebook/common/scheduling/resource/allocation_manager.go:2355.16,2357.13 2 0
github.com/scusemua/distributed-notebook/common/scheduling/resource/allocation_manager.go:2360.2,2361.22 2 1
github.com/scusemua/distributed-notebook/common/scheduling/resource/allocation_manager.go:2361.22,2363.3 1 1
github.com/scusemua/distributed-notebook/common/scheduling/resource/allocation_manager.go:2365.2,2365.26 1 1
github.com/scusemua/distributed-notebook/common/scheduling/resource/allocation_manager.go:2365.26,2367.17 2 0
github.com/scusemua/distributed-notebook/common/scheduling/resource/allocation_manager.go:2367.17,2370.4 2 0
github.com/scusemua/distributed-notebook/common/scheduling/resource/allocation_manager.go:2373.2,2373.38 1 1
github.com/scusemua/distributed-notebook/common/scheduling/resource/allocation_manager.go:2373.38,2375.3 1 0
github.com/scusemua/distributed-notebook/common/scheduling/resource/allocation_manager.go:2377.2,2377.33 1 1
github.com/scusemua/distributed-notebook/common/scheduling/resource/allocation_manager.go:2377.33,2380.3 2 0
github.com/scusemua/distributed-notebook/common/scheduling/resource/allocation_manager.go:2383.2,2386.12 3 1
github.com/scusemua/distributed-notebook/common/scheduling/resource/allocation_manager.go:2391.69,2392.29 1 1
github.com/scusemua/distributed-notebook/common/scheduling/resource/allocation_manager.go:2392.29,2395.3 2 1
github.com/scusemua/distributed-notebook/common/scheduling/resource/allocation_manager.go:2398.2,2419.51 9 0
github.com/scusemua/distributed-notebook/common/scheduling/resource/allocation_manager.go:2428.116,2429.58 1 0
github.com/scusemua/distributed-notebook/common/scheduling/resource/allocation_manager.go:2429.58,2433.43 1 0
github.com/scusemua/distributed-notebook/common/scheduling/resource/allocation_manager.go:2436.2,2436.48 1 0
github.com/scusemua/distributed-notebook/common/scheduling/resource/allocation_manager.go:2436.48,2440.43 1 0
github.com/scusemua/distributed-notebook/common/scheduling/resource/allocation_manager.go:2443.2,2445.3 1 0
github.com/scusemua/distributed-notebook/common/scheduling/resource/allocation_manager.go:2449.95,2454.16 3 0
github.com/scusemua/distributed-notebook/common/scheduling/resource/allocation_manager.go:2454.16,2458.3 2 0
github.com/scusemua/distributed-notebook/common/scheduling/resource/allocation_manager.go:2460.2,2462.12 2 0
github.com/scusemua/distributed-notebook/common/scheduling/resource/allocation_manager.go:2466.102,2471.16 3 0
github.com/scusemua/distributed-notebook/common/scheduling/resource/allocation_manager.go:2471.16,2475.3 2 0
github.com/scusemua/distributed-notebook/common/scheduling/resource/allocation_manager.go:2477.2,2479.12 2 0
github.com/scusemua/distributed-notebook/common/scheduling/resource/allocation_manager.go:2483.90,2488.16 3 0
github.com/scusemua/distributed-notebook/common/scheduling/resource/allocation_manager.go:2488.16,2492.3 2 0
github.com/scusemua/distributed-notebook/common/scheduling/resource/allocation_manager.go:2494.2,2496.12 2 0
github.com/scusemua/distributed-notebook/common/scheduling/resource/allocation_manager.go:2500.97,2505.16 3 0
github.com/scusemua/distributed-notebook/common/scheduling/resource/allocation_manager.go:2505.16,2509.3 2 0
github.com/scusemua/distributed-notebook/common/scheduling/resource/allocation_manager.go:2511.2,2513.12 2 0
github.com/scusemua/distributed-notebook/common/scheduling/resource/allocation_manager.go:2517.93,2522.16 3 0
github.com/scusemua/distributed-notebook/common/scheduling/resource/allocation_manager.go:2522.16,2526.3 2 0
github.com/scusemua/distributed-notebook/common/scheduling/resource/allocation_manager.go:2528.2,2530.12 2 0
github.com/scusemua/distributed-notebook/common/scheduling/resource/allocation_manager.go:2533.100,2538.16 3 0
github.com/scusemua/distributed-notebook/common/scheduling/resource/allocation_manager.go:2538.16,2542.3 2 0
github.com/scusemua/distributed-notebook/common/scheduling/resource/allocation_manager.go:2544.2,2546.12 2 0
github.com/scusemua/distributed-notebook/common/scheduling/resource/allocation_manager.go:2550.76,2554.43 3 0
github.com/scusemua/distributed-notebook/common/scheduling/resource/allocation_manager.go:2554.43,2557.3 2 0
github.com/scusemua/distributed-notebook/common/scheduling/resource/host_resources.go:33.125,42.2 1 1
github.com/scusemua/distributed-notebook/common/scheduling/resource/host_resources.go:44.62,50.2 3 1
github.com/scusemua/distributed-notebook/common/scheduling/resource/host_resources.go:60.104,66.65 3 0
github.com/scusemua/distributed-notebook/common/scheduling/resource/host_resources.go:66.65,68.3 1 0
github.com/scusemua/distributed-notebook/common/scheduling/resource/host_resources.go:71.2,71.58 1 0
github.com/scusemua/distributed-notebook/common/scheduling/resource/host_resources.go:71.58,74.3 1 0
github.com/scusemua/distributed-notebook/common/scheduling/resource/host_resources.go:76.2,82.12 6 0
github.com/scusemua/distributed-notebook/common/scheduling/resource/host_resources.go:88.87,102.2 4 0
github.com/scusemua/distributed-notebook/common/scheduling/resource/host_resources.go:107.84,121.2 4 0
github.com/scusemua/distributed-notebook/common/scheduling/resource/host_resources.go:123.87,125.2 1 1
github.com/scusemua/distributed-notebook/common/scheduling/resource/host_resources.go:127.87,129.2 1 0
github.com/scusemua/distributed-notebook/common/scheduling/resource/host_resources.go:136.62,141.2 3 1
github.com/scusemua/distributed-notebook/common/scheduling/resource/host_resources.go:148.68,155.2 1 1
github.com/scusemua/distributed-notebook/common/scheduling/resource/host_resources.go:167.90,174.46 5 0
github.com/scusemua/distributed-notebook/common/scheduling/resource/host_resources.go:174.46,176.3 1 0
github.com/scusemua/distributed-notebook/common/scheduling/resource/host_resources.go:178.2,178.44 1 0
github.com/scusemua/distributed-notebook/common/scheduling/resource/host_resources.go:178.44,180.3 1 0
github.com/scusemua/distributed-notebook/common/scheduling/resource/host_resources.go:182.2,182.36 1 0
github.com/scusemua/distributed-notebook/common/scheduling/resource/host_resources.go:182.36,184.3 1 0
github.com/scusemua/distributed-notebook/common/scheduling/resource/host_resources.go:186.2,186.40 1 0
github.com/scusemua/distributed-notebook/common/scheduling/resource/host_resources.go:186.40,188.3 1 0
github.com/scusemua/distributed-notebook/common/scheduling/resource/host_resources.go:190.2,190.36 1 0
github.com/scusemua/distributed-notebook/common/scheduling/resource/host_resources.go:200.97,207.53 5 1
github.com/scusemua/distributed-notebook/common/scheduling/resource/host_resources.go:207.53,209.3 1 0
github.com/scusemua/distributed-notebook/common/scheduling/resource/host_resources.go:211.2,211.51 1 1
github.com/scusemua/distributed-notebook/common/scheduling/resource/host_resources.go:211.51,213.3 1 0
github.com/scusemua/distributed-notebook/common/scheduling/resource/host_resources.go:215.2,215.43 1 1
github.com/scusemua/distributed-notebook/common/scheduling/resource/host_resources.go:215.43,217.3 1 0
github.com/scusemua/distributed-notebook/common/scheduling/resource/host_resources.go:219.2,219.47 1 1
github.com/scusemua/distributed-notebook/common/scheduling/resource/host_resources.go:219.47,221.3 1 0
github.com/scusemua/distributed-notebook/common/scheduling/resource/host_resources.go:223.2,223.36 1 1
github.com/scusemua/distributed-notebook/common/scheduling/resource/host_resources.go:233.93,240.49 5 0
github.com/scusemua/distributed-notebook/common/scheduling/resource/host_resources.go:240.49,242.3 1 0
github.com/scusemua/distributed-notebook/common/scheduling/resource/host_resources.go:244.2,244.47 1 0
github.com/scusemua/distributed-notebook/common/scheduling/resource/host_resources.go:244.47,246.3 1 0
github.com/scusemua/distributed-notebook/common/scheduling/resource/host_resources.go:248.2,248.39 1 0
github.com/scusemua/distributed-notebook/common/scheduling/resource/host_resources.go:248.39,250.3 1 0
github.com/scusemua/distributed-notebook/common/scheduling/resource/host_resources.go:252.2,252.43 1 0
github.com/scusemua/distributed-notebook/common/scheduling/resource/host_resources.go:252.43,254.3 1 0
github.com/scusemua/distributed-notebook/common/scheduling/resource/host_resources.go:256.2,256.36 1 0
github.com/scusemua/distributed-notebook/common/scheduling/resource/host_resources.go:266.100,273.56 5 0
github.com/scusemua/distributed-notebook/common/scheduling/resource/host_resources.go:273.56,275.3 1 0
github.com/scusemua/distributed-notebook/common/scheduling/resource/host_resources.go:277.2,277.54 1 0
github.com/scusemua/distributed-notebook/common/scheduling/resource/host_resources.go:277.54,279.3 1 0
github.com/scusemua/distributed-notebook/common/scheduling/resource/host_resources.go:281.2,281.46 1 0
github.com/scusemua/distributed-notebook/common/scheduling/resource/host_resources.go:281.46,283.3 1 0
github.com/scusemua/distributed-notebook/common/scheduling/resource/host_resources.go:285.2,285.50 1 0
github.com/scusemua/distributed-notebook/common/scheduling/resource/host_resources.go:285.50,287.3 1 0
github.com/scusemua/distributed-notebook/common/scheduling/resource/host_resources.go:289.2,289.36 1 0
github.com/scusemua/distributed-notebook/common/scheduling/resource/host_resources.go:299.89,306.44 5 1
github.com/scusemua/distributed-notebook/common/scheduling/resource/host_resources.go:306.44,308.3 1 0
github.com/scusemua/distributed-notebook/common/scheduling/resource/host_resources.go:310.2,310.42 1 1
github.com/scusemua/distributed-notebook/common/scheduling/resource/host_resources.go:310.42,312.3 1 0
github.com/scusemua/distributed-notebook/common/scheduling/resource/host_resources.go:314.2,314.34 1 1
github.com/scusemua/distributed-notebook/common/scheduling/resource/host_resources.go:314.34,316.3 1 0
github.com/scusemua/distributed-notebook/common/scheduling/resource/host_resources.go:318.2,318.38 1 1
github.com/scusemua/distributed-notebook/common/scheduling/resource/host_resources.go:318.38,320.3 1 0
github.com/scusemua/distributed-notebook/common/scheduling/resource/host_resources.go:322.2,322.36 1 1
github.com/scusemua/distributed-notebook/common/scheduling/resource/host_resources.go:330.68,334.41 3 1
github.com/scusemua/distributed-notebook/common/scheduling/resource/host_resources.go:334.41,336.3 1 0
github.com/scusemua/distributed-notebook/common/scheduling/resource/host_resources.go:338.2,338.40 1 1
github.com/scusemua/distributed-notebook/common/scheduling/resource/host_resources.go:338.40,340.3 1 0
github.com/scusemua/distributed-notebook/common/scheduling/resource/host_resources.go:342.2,342.36 1 1
github.com/scusemua/distributed-notebook/common/scheduling/resource/host_resources.go:342.36,344.3 1 0
github.com/scusemua/distributed-notebook/common/scheduling/resource/host_resources.go:346.2,346.38 1 1
github.com/scusemua/distributed-notebook/common/scheduling/resource/host_resources.go:346.38,348.3 1 0
github.com/scusemua/distributed-notebook/common/scheduling/resource/host_resources.go:350.2,350.36 1 1
github.com/scusemua/distributed-notebook/common/scheduling/resource/host_resources.go:358.85,362.28 3 0
github.com/scusemua/distributed-notebook/common/scheduling/resource/host_resources.go:362.28,364.3 1 0
github.com/scusemua/distributed-notebook/common/scheduling/resource/host_resources.go:366.2,366.31 1 0
github.com/scusemua/distributed-notebook/common/scheduling/resource/host_resources.go:366.31,368.3 1 0
github.com/scusemua/distributed-notebook/common/scheduling/resource/host_resources.go:370.2,370.28 1 0
github.com/scusemua/distributed-notebook/common/scheduling/resource/host_resources.go:370.28,372.3 1 0
github.com/scusemua/distributed-notebook/common/scheduling/resource/host_resources.go:374.2,374.29 1 0
github.com/scusemua/distributed-notebook/common/scheduling/resource/host_resources.go:374.29,376.3 1 0
github.com/scusemua/distributed-notebook/common/scheduling/resource/host_resources.go:378.2,378.68 1 0
github.com/scusemua/distributed-notebook/common/scheduling/resource/host_resources.go:390.78,394.32 3 1
github.com/scusemua/distributed-notebook/common/scheduling/resource/host_resources.go:394.32,396.3 1 0
github.com/scusemua/distributed-notebook/common/scheduling/resource/host_resources.go:398.2,398.31 1 1
github.com/scusemua/distributed-notebook/common/scheduling/resource/host_resources.go:398.31,400.3 1 0
github.com/scusemua/distributed-notebook/common/scheduling/resource/host_resources.go:402.2,402.27 1 1
github.com/scusemua/distributed-notebook/common/scheduling/resource/host_resources.go:402.27,404.3 1 0
github.com/scusemua/distributed-notebook/common/scheduling/resource/host_resources.go:406.2,406.29 1 1
github.com/scusemua/distributed-notebook/common/scheduling/resource/host_resources.go:406.29,408.3 1 0
github.com/scusemua/distributed-notebook/common/scheduling/resource/host_resources.go:410.2,410.37 1 1
github.com/scusemua/distributed-notebook/common/scheduling/resource/host_resources.go:413.43,420.2 3 1
github.com/scusemua/distributed-notebook/common/scheduling/resource/host_resources.go:422.70,424.2 1 0
github.com/scusemua/distributed-notebook/common/scheduling/resource/host_resources.go:426.46,431.2 3 0
github.com/scusemua/distributed-notebook/common/scheduling/resource/host_resources.go:433.63,438.2 3 0
github.com/scusemua/distributed-notebook/common/scheduling/resource/host_resources.go:441.65,446.2 3 0
github.com/scusemua/distributed-notebook/common/scheduling/resource/host_resources.go:449.42,454.2 3 0
github.com/scusemua/distributed-notebook/common/scheduling/resource/host_resources.go:458.59,463.2 3 0
github.com/scusemua/distributed-notebook/common/scheduling/resource/host_resources.go:466.59,471.2 3 0
github.com/scusemua/distributed-notebook/common/scheduling/resource/host_resources.go:473.42,478.2 3 0
github.com/scusemua/distributed-notebook/common/scheduling/resource/host_resources.go:480.59,485.2 3 1
github.com/scusemua/distributed-notebook/common/scheduling/resource/host_resources.go:488.57,493.2 3 1
github.com/scusemua/distributed-notebook/common/scheduling/resource/host_resources.go:495.47,500.2 3 0
github.com/scusemua/distributed-notebook/common/scheduling/resource/host_resources.go:502.64,507.2 3 0
github.com/scusemua/distributed-notebook/common/scheduling/resource/host_resources.go:510.67,515.2 3 0
github.com/scusemua/distributed-notebook/common/scheduling/resource/host_resources.go:521.50,531.2 7 1
github.com/scusemua/distributed-notebook/common/scheduling/resource/host_resources.go:540.62,546.24 5 1
github.com/scusemua/distributed-notebook/common/scheduling/resource/host_resources.go:546.24,548.3 1 0
github.com/scusemua/distributed-notebook/common/scheduling/resource/host_resources.go:550.2,550.40 1 1
github.com/scusemua/distributed-notebook/common/scheduling/resource/host_resources.go:550.40,554.3 1 0
github.com/scusemua/distributed-notebook/common/scheduling/resource/host_resources.go:556.2,558.24 3 1
github.com/scusemua/distributed-notebook/common/scheduling/resource/host_resources.go:558.24,560.3 1 0
github.com/scusemua/distributed-notebook/common/scheduling/resource/host_resources.go:562.2,562.42 1 1
github.com/scusemua/distributed-notebook/common/scheduling/resource/host_resources.go:562.42,566.3 1 0
github.com/scusemua/distributed-notebook/common/scheduling/resource/host_resources.go:568.2,570.24 3 1
github.com/scusemua/distributed-notebook/common/scheduling/resource/host_resources.go:570.24,572.3 1 0
github.com/scusemua/distributed-notebook/common/scheduling/resource/host_resources.go:574.2,574.40 1 1
github.com/scusemua/distributed-notebook/common/scheduling/resource/host_resources.go:574.40,578.3 1 0
github.com/scusemua/distributed-notebook/common/scheduling/resource/host_resources.go:580.2,582.24 3 1
github.com/scusemua/distributed-notebook/common/scheduling/resource/host_resources.go:582.24,584.3 1 0
github.com/scusemua/distributed-notebook/common/scheduling/resource/host_resources.go:586.2,586.40 1 1
github.com/scusemua/distributed-notebook/common/scheduling/resource/host_resources.go:586.40,590.3 1 0
github.com/scusemua/distributed-notebook/common/scheduling/resource/host_resources.go:594.2,599.12 5 1
github.com/scusemua/distributed-notebook/common/scheduling/resource/host_resources.go:609.67,615.24 5 1
github.com/scusemua/distributed-notebook/common/scheduling/resource/host_resources.go:615.24,617.3 1 0
github.com/scusemua/distributed-notebook/common/scheduling/resource/host_resources.go:619.2,619.40 1 1
github.com/scusemua/distributed-notebook/common/scheduling/resource/host_resources.go:619.40,623.3 1 0
github.com/scusemua/distributed-notebook/common/scheduling/resource/host_resources.go:625.2,627.24 3 1
github.com/scusemua/distributed-notebook/common/scheduling/resource/host_resources.go:627.24,629.3 1 0
github.com/scusemua/distributed-notebook/common/scheduling/resource/host_resources.go:631.2,631.42 1 1
github.com/scusemua/distributed-notebook/common/scheduling/resource/host_resources.go:631.42,635.3 1 0
github.com/scusemua/distributed-notebook/common/scheduling/resource/host_resources.go:637.2,639.24 3 1
github.com/scusemua/distributed-notebook/common/scheduling/resource/host_resources.go:639.24,641.3 1 0
github.com/scusemua/distributed-notebook/common/scheduling/resource/host_resources.go:643.2,643.40 1 1
github.com/scusemua/distributed-notebook/common/scheduling/resource/host_resources.go:643.40,647.3 1 0
github.com/scusemua/distributed-notebook/common/scheduling/resource/host_resources.go:649.2,651.24 3 1
github.com/scusemua/distributed-notebook/common/scheduling/resource/host_resources.go:651.24,653.3 1 0
github.com/scusemua/distributed-notebook/common/scheduling/resource/host_resources.go:655.2,655.40 1 1
github.com/scusemua/distributed-notebook/common/scheduling/resource/host_resources.go:655.40,659.3 1 0
github.com/scusemua/distributed-notebook/common/scheduling/resource/host_resources.go:663.2,668.12 5 1
github.com/scusemua/distributed-notebook/common/scheduling/resource/host_resources.go:674.58,680.60 4 1
github.com/scusemua/distributed-notebook/common/scheduling/resource/host_resources.go:680.60,683.3 1 1
github.com/scusemua/distributed-notebook/common/scheduling/resource/host_resources.go:683.8,685.3 1 0
github.com/scusemua/distributed-notebook/common/scheduling/resource/host_resources.go:687.2,690.50 1 1
github.com/scusemua/distributed-notebook/common/scheduling/resource/host_resources.go:699.68,705.60 4 1
github.com/scusemua/distributed-notebook/common/scheduling/resource/host_resources.go:705.60,708.3 1 1
github.com/scusemua/distributed-notebook/common/scheduling/resource/host_resources.go:708.8,710.3 1 0
github.com/scusemua/distributed-notebook/common/scheduling/resource/host_resources.go:712.2,718.30 6 1
github.com/scusemua/distributed-notebook/common/scheduling/resource/host_resources.go:718.30,720.3 1 1
github.com/scusemua/distributed-notebook/common/scheduling/resource/host_resources.go:722.2,722.30 1 1
github.com/scusemua/distributed-notebook/common/scheduling/resource/host_resources.go:722.30,724.3 1 0
github.com/scusemua/distributed-notebook/common/scheduling/resource/host_resources.go:726.2,726.32 1 1
github.com/scusemua/distributed-notebook/common/scheduling/resource/host_resources.go:726.32,728.3 1 0
github.com/scusemua/distributed-notebook/common/scheduling/resource/host_resources.go:730.2,730.30 1 1
github.com/scusemua/distributed-notebook/common/scheduling/resource/host_resources.go:730.30,732.3 1 0
github.com/scusemua/distributed-notebook/common/scheduling/resource/host_resources.go:734.2,734.29 1 1
github.com/scusemua/distributed-notebook/common/scheduling/resource/host_resources.go:734.29,736.3 1 1
github.com/scusemua/distributed-notebook/common/scheduling/resource/host_resources.go:736.8,738.3 1 1
github.com/scusemua/distributed-notebook/common/scheduling/resource/manager.go:60.43,71.2 2 1
github.com/scusemua/distributed-notebook/common/scheduling/resource/manager.go:76.66,83.2 5 1
github.com/scusemua/distributed-notebook/common/scheduling/resource/manager.go:86.60,91.2 3 0
github.com/scusemua/distributed-notebook/common/scheduling/resource/manager.go:95.74,99.2 3 1
github.com/scusemua/distributed-notebook/common/scheduling/resource/manager.go:102.106,107.52 4 1
github.com/scusemua/distributed-notebook/common/scheduling/resource/manager.go:107.52,109.3 1 1
github.com/scusemua/distributed-notebook/common/scheduling/resource/manager.go:111.2,111.29 1 1
github.com/scusemua/distributed-notebook/common/scheduling/resource/manager.go:120.83,121.22 1 1
github.com/scusemua/distributed-notebook/common/scheduling/resource/manager.go:121.22,123.3 1 0
github.com/scusemua/distributed-notebook/common/scheduling/resource/manager.go:125.2,130.16 5 1
github.com/scusemua/distributed-notebook/common/scheduling/resource/manager.go:130.16,132.3 1 1
github.com/scusemua/distributed-notebook/common/scheduling/resource/manager.go:134.2,136.12 2 1
github.com/scusemua/distributed-notebook/common/scheduling/resource/manager.go:139.54,145.2 3 1
github.com/scusemua/distributed-notebook/common/scheduling/resource/manager.go:154.130,159.56 3 0
github.com/scusemua/distributed-notebook/common/scheduling/resource/manager.go:159.56,162.3 1 0
github.com/scusemua/distributed-notebook/common/scheduling/resource/manager.go:164.2,165.94 2 0
github.com/scusemua/distributed-notebook/common/scheduling/resource/manager.go:165.94,167.3 1 0
github.com/scusemua/distributed-notebook/common/scheduling/resource/manager.go:169.2,169.100 1 0
github.com/scusemua/distributed-notebook/common/scheduling/resource/manager.go:169.100,171.3 1 0
github.com/scusemua/distributed-notebook/common/scheduling/resource/manager.go:173.2,173.104 1 0
github.com/scusemua/distributed-notebook/common/scheduling/resource/manager.go:173.104,175.3 1 0
github.com/scusemua/distributed-notebook/common/scheduling/resource/manager.go:177.2,177.94 1 0
github.com/scusemua/distributed-notebook/common/scheduling/resource/manager.go:177.94,179.3 1 0
github.com/scusemua/distributed-notebook/common/scheduling/resource/manager.go:181.2,181.12 1 0
github.com/scusemua/distributed-notebook/common/scheduling/resource/manager.go:185.35,191.2 3 1
github.com/scusemua/distributed-notebook/common/scheduling/resource/manager.go:195.50,200.2 3 1
github.com/scusemua/distributed-notebook/common/scheduling/resource/manager.go:204.53,209.2 3 1
github.com/scusemua/distributed-notebook/common/scheduling/resource/manager.go:214.61,219.2 3 1
github.com/scusemua/distributed-notebook/common/scheduling/resource/manager.go:224.63,229.2 3 1
github.com/scusemua/distributed-notebook/common/scheduling/resource/manager.go:233.55,238.2 3 1
github.com/scusemua/distributed-notebook/common/scheduling/resource/manager.go:242.50,247.2 3 1
github.com/scusemua/distributed-notebook/common/scheduling/resource/manager.go:251.84,256.2 3 0
github.com/scusemua/distributed-notebook/common/scheduling/resource/manager.go:260.87,265.2 3 0
github.com/scusemua/distributed-notebook/common/scheduling/resource/manager.go:269.89,274.2 3 0
github.com/scusemua/distributed-notebook/common/scheduling/resource/manager.go:278.84,283.2 3 0
github.com/scusemua/distributed-notebook/common/scheduling/resource/manager.go:287.89,292.2 3 0
github.com/scusemua/distributed-notebook/common/scheduling/resource/manager.go:296.92,301.2 3 0
github.com/scusemua/distributed-notebook/common/scheduling/resource/manager.go:305.94,310.2 3 0
github.com/scusemua/distributed-notebook/common/scheduling/resource/manager.go:314.89,319.2 3 0
github.com/scusemua/distributed-notebook/common/scheduling/resource/manager.go:323.113,324.16 1 0
github.com/scusemua/distributed-notebook/common/scheduling/resource/manager.go:325.32,326.3 1 0
github.com/scusemua/distributed-notebook/common/scheduling/resource/manager.go:326.3,328.4 1 0
github.com/scusemua/distributed-notebook/common/scheduling/resource/manager.go:329.35,330.3 1 0
github.com/scusemua/distributed-notebook/common/scheduling/resource/manager.go:330.3,332.4 1 0
github.com/scusemua/distributed-notebook/common/scheduling/resource/manager.go:333.37,334.3 1 0
github.com/scusemua/distributed-notebook/common/scheduling/resource/manager.go:334.3,336.4 1 0
github.com/scusemua/distributed-notebook/common/scheduling/resource/manager.go:337.32,338.3 1 0
github.com/scusemua/distributed-notebook/common/scheduling/resource/manager.go:338.3,340.4 1 0
github.com/scusemua/distributed-notebook/common/scheduling/resource/manager.go:341.10,342.3 1 0
github.com/scusemua/distributed-notebook/common/scheduling/resource/manager.go:342.3,345.4 2 0
github.com/scusemua/distributed-notebook/common/scheduling/resource/proto.go:15.96,17.2 1 0
github.com/scusemua/distributed-notebook/common/scheduling/resource/proto.go:19.99,21.2 1 0
github.com/scusemua/distributed-notebook/common/scheduling/resource/proto.go:23.101,25.2 1 0
github.com/scusemua/distributed-notebook/common/scheduling/resource/proto.go:27.96,29.2 1 0
github.com/scusemua/distributed-notebook/common/scheduling/resource/proto.go:31.83,33.41 2 0
github.com/scusemua/distributed-notebook/common/scheduling/resource/proto.go:33.41,35.3 1 0
github.com/scusemua/distributed-notebook/common/scheduling/resource/proto.go:36.2,36.22 1 0
github.com/scusemua/distributed-notebook/common/scheduling/resource/proto.go:39.61,41.2 1 0
github.com/scusemua/distributed-notebook/common/scheduling/resource/proto.go:43.67,45.2 1 0
github.com/scusemua/distributed-notebook/common/scheduling/resource/proto.go:47.64,49.2 1 0
github.com/scusemua/distributed-notebook/common/scheduling/resource/proto.go:51.67,53.2 1 0
github.com/scusemua/distributed-notebook/common/scheduling/resource/proto.go:55.72,57.2 1 0
github.com/scusemua/distributed-notebook/common/scheduling/resource/proto.go:59.78,61.2 1 0
github.com/scusemua/distributed-notebook/common/scheduling/resource/snapshot.go:46.65,49.41 2 0
github.com/scusemua/distributed-notebook/common/scheduling/resource/snapshot.go:49.41,51.3 1 0
github.com/scusemua/distributed-notebook/common/scheduling/resource/snapshot.go:53.2,53.19 1 0
github.com/scusemua/distributed-notebook/common/scheduling/resource/snapshot.go:62.60,63.16 1 0
github.com/scusemua/distributed-notebook/common/scheduling/resource/snapshot.go:63.16,65.3 1 0
github.com/scusemua/distributed-notebook/common/scheduling/resource/snapshot.go:67.2,68.9 2 0
github.com/scusemua/distributed-notebook/common/scheduling/resource/snapshot.go:68.9,71.3 1 0
github.com/scusemua/distributed-notebook/common/scheduling/resource/snapshot.go:73.2,73.47 1 0
github.com/scusemua/distributed-notebook/common/scheduling/resource/snapshot.go:73.47,75.3 1 0
github.com/scusemua/distributed-notebook/common/scheduling/resource/snapshot.go:75.8,75.55 1 0
github.com/scusemua/distributed-notebook/common/scheduling/resource/snapshot.go:75.55,77.3 1 0
github.com/scusemua/distributed-notebook/common/scheduling/resource/snapshot.go:77.8,79.3 1 0
github.com/scusemua/distributed-notebook/common/scheduling/resource/snapshot.go:83.43,85.28 2 0
github.com/scusemua/distributed-notebook/common/scheduling/resource/snapshot.go:85.28,87.3 1 0
github.com/scusemua/distributed-notebook/common/scheduling/resource/snapshot.go:89.2,90.31 2 0
github.com/scusemua/distributed-notebook/common/scheduling/resource/snapshot.go:90.31,92.3 1 0
github.com/scusemua/distributed-notebook/common/scheduling/resource/snapshot.go:94.2,95.33 2 0
github.com/scusemua/distributed-notebook/common/scheduling/resource/snapshot.go:95.33,97.3 1 0
github.com/scusemua/distributed-notebook/common/scheduling/resource/snapshot.go:99.2,100.28 2 0
github.com/scusemua/distributed-notebook/common/scheduling/resource/snapshot.go:100.28,102.3 1 0
github.com/scusemua/distributed-notebook/common/scheduling/resource/snapshot.go:104.2,105.84 1 0
github.com/scusemua/distributed-notebook/common/scheduling/resource/snapshot.go:109.49,111.2 1 0
github.com/scusemua/distributed-notebook/common/scheduling/resource/snapshot.go:114.46,116.2 1 0
github.com/scusemua/distributed-notebook/common/scheduling/resource/snapshot.go:119.49,121.2 1 0
github.com/scusemua/distributed-notebook/common/scheduling/resource/snapshot.go:124.54,126.2 1 0
github.com/scusemua/distributed-notebook/common/scheduling/resource/snapshot.go:129.78,131.2 1 0
github.com/scusemua/distributed-notebook/common/scheduling/resource/snapshot.go:134.81,136.2 1 0
github.com/scusemua/distributed-notebook/common/scheduling/resource/snapshot.go:139.83,141.2 1 0
github.com/scusemua/distributed-notebook/common/scheduling/resource/snapshot.go:144.78,146.2 1 0
github.com/scusemua/distributed-notebook/common/scheduling/resource/snapshot.go:164.57,166.2 1 0
github.com/scusemua/distributed-notebook/common/scheduling/resource/snapshot.go:168.62,170.2 1 0
github.com/scusemua/distributed-notebook/common/scheduling/resource/snapshot.go:172.56,174.2 1 0
github.com/scusemua/distributed-notebook/common/scheduling/resource/snapshot.go:176.57,178.2 1 0
github.com/scusemua/distributed-notebook/common/scheduling/resource/snapshot.go:180.51,182.2 1 0
github.com/scusemua/distributed-notebook/common/scheduling/resource/snapshot.go:184.55,186.2 1 0
github.com/scusemua/distributed-notebook/common/scheduling/resource/snapshot.go:189.51,193.2 1 0
github.com/scusemua/distributed-notebook/common/scheduling/resource/snapshot.go:195.87,204.2 1 0
github.com/scusemua/distributed-notebook/common/scheduling/resource/utilization.go:33.107,43.35 3 0
github.com/scusemua/distributed-notebook/common/scheduling/resource/utilization.go:43.35,45.3 1 0
github.com/scusemua/distributed-notebook/common/scheduling/resource/utilization.go:47.2,47.13 1 0
github.com/scusemua/distributed-notebook/common/scheduling/resource/utilization.go:50.48,52.2 1 0
github.com/scusemua/distributed-notebook/common/scheduling/resource/utilization.go:54.41,56.2 1 0
github.com/scusemua/distributed-notebook/common/scheduling/resource/utilization.go:58.69,61.2 2 0
github.com/scusemua/distributed-notebook/common/scheduling/resource/utilization.go:63.66,66.2 2 0
github.com/scusemua/distributed-notebook/common/scheduling/resource/utilization.go:68.70,71.2 2 0
github.com/scusemua/distributed-notebook/common/scheduling/resource/utilization.go:78.85,84.24 5 0
github.com/scusemua/distributed-notebook/common/scheduling/resource/utilization.go:84.24,86.3 1 0
github.com/scusemua/distributed-notebook/common/scheduling/resource/utilization.go:88.2,88.10 1 0
github.com/scusemua/distributed-notebook/common/scheduling/resource/utilization.go:91.78,96.29 4 0
github.com/scusemua/distributed-notebook/common/scheduling/resource/utilization.go:96.29,98.3 1 0
github.com/scusemua/distributed-notebook/common/scheduling/resource/utilization.go:100.2,100.10 1 0
github.com/scusemua/distributed-notebook/common/scheduling/resource/utilization.go:103.39,105.16 2 0
github.com/scusemua/distributed-notebook/common/scheduling/resource/utilization.go:105.16,106.13 1 0
github.com/scusemua/distributed-notebook/common/scheduling/resource/utilization.go:109.2,109.18 1 0
github.com/scusemua/distributed-notebook/common/scheduling/resource/utilization.go:112.48,114.16 2 0
github.com/scusemua/distributed-notebook/common/scheduling/resource/utilization.go:114.16,115.13 1 0
github.com/scusemua/distributed-notebook/common/scheduling/resource/utilization.go:118.2,118.18 1 0
github.com/scusemua/distributed-notebook/common/scheduling/resource/utilization.go:122.51,124.2 1 0
github.com/scusemua/distributed-notebook/common/scheduling/resource/utilization.go:127.50,129.2 1 0
github.com/scusemua/distributed-notebook/common/scheduling/resource/utilization.go:132.48,134.2 1 0
github.com/scusemua/distributed-notebook/common/scheduling/resource/utilization.go:137.60,139.2 1 0
github.com/scusemua/distributed-notebook/common/scheduling/resource/utilization.go:142.69,144.2 1 0
github.com/scusemua/distributed-notebook/common/scheduling/resource/utilization.go:147.40,149.2 1 0
