mode: set
github.com/scusemua/distributed-notebook/common/jupyter/server/abstract.go:153.139,174.44 6 1
github.com/scusemua/distributed-notebook/common/jupyter/server/abstract.go:174.44,175.20 1 1
github.com/scusemua/distributed-notebook/common/jupyter/server/abstract.go:175.20,177.4 1 1
github.com/scusemua/distributed-notebook/common/jupyter/server/abstract.go:180.2,181.16 2 1
github.com/scusemua/distributed-notebook/common/jupyter/server/abstract.go:181.16,183.3 1 0
github.com/scusemua/distributed-notebook/common/jupyter/server/abstract.go:183.8,187.3 3 1
github.com/scusemua/distributed-notebook/common/jupyter/server/abstract.go:189.2,189.15 1 1
github.com/scusemua/distributed-notebook/common/jupyter/server/abstract.go:193.78,195.2 1 1
github.com/scusemua/distributed-notebook/common/jupyter/server/abstract.go:198.71,201.19 2 0
github.com/scusemua/distributed-notebook/common/jupyter/server/abstract.go:201.19,203.3 1 0
github.com/scusemua/distributed-notebook/common/jupyter/server/abstract.go:205.2,205.11 1 0
github.com/scusemua/distributed-notebook/common/jupyter/server/abstract.go:209.42,211.2 1 0
github.com/scusemua/distributed-notebook/common/jupyter/server/abstract.go:213.47,215.2 1 0
github.com/scusemua/distributed-notebook/common/jupyter/server/abstract.go:218.62,220.2 1 1
github.com/scusemua/distributed-notebook/common/jupyter/server/abstract.go:222.65,223.31 1 1
github.com/scusemua/distributed-notebook/common/jupyter/server/abstract.go:223.31,226.3 2 0
github.com/scusemua/distributed-notebook/common/jupyter/server/abstract.go:228.2,231.16 3 1
github.com/scusemua/distributed-notebook/common/jupyter/server/abstract.go:231.16,233.3 1 0
github.com/scusemua/distributed-notebook/common/jupyter/server/abstract.go:235.2,239.12 3 1
github.com/scusemua/distributed-notebook/common/jupyter/server/abstract.go:242.108,245.39 2 1
github.com/scusemua/distributed-notebook/common/jupyter/server/abstract.go:245.39,248.3 2 0
github.com/scusemua/distributed-notebook/common/jupyter/server/abstract.go:250.2,252.21 2 1
github.com/scusemua/distributed-notebook/common/jupyter/server/abstract.go:252.21,254.3 1 0
github.com/scusemua/distributed-notebook/common/jupyter/server/abstract.go:256.2,256.21 1 1
github.com/scusemua/distributed-notebook/common/jupyter/server/abstract.go:256.21,257.157 1 0
github.com/scusemua/distributed-notebook/common/jupyter/server/abstract.go:269.2,274.96 3 1
github.com/scusemua/distributed-notebook/common/jupyter/server/abstract.go:274.96,281.3 2 1
github.com/scusemua/distributed-notebook/common/jupyter/server/abstract.go:281.8,281.24 1 0
github.com/scusemua/distributed-notebook/common/jupyter/server/abstract.go:281.24,284.3 1 0
github.com/scusemua/distributed-notebook/common/jupyter/server/abstract.go:284.8,284.27 1 0
github.com/scusemua/distributed-notebook/common/jupyter/server/abstract.go:284.27,297.62 1 0
github.com/scusemua/distributed-notebook/common/jupyter/server/abstract.go:297.62,300.4 1 0
github.com/scusemua/distributed-notebook/common/jupyter/server/abstract.go:300.9,303.4 1 0
github.com/scusemua/distributed-notebook/common/jupyter/server/abstract.go:304.8,306.3 1 0
github.com/scusemua/distributed-notebook/common/jupyter/server/abstract.go:309.97,311.39 1 0
github.com/scusemua/distributed-notebook/common/jupyter/server/abstract.go:311.39,313.3 1 0
github.com/scusemua/distributed-notebook/common/jupyter/server/abstract.go:315.2,325.16 3 0
github.com/scusemua/distributed-notebook/common/jupyter/server/abstract.go:325.16,326.13 1 0
github.com/scusemua/distributed-notebook/common/jupyter/server/abstract.go:329.2,330.16 2 0
github.com/scusemua/distributed-notebook/common/jupyter/server/abstract.go:330.16,331.13 1 0
github.com/scusemua/distributed-notebook/common/jupyter/server/abstract.go:334.2,341.17 7 0
github.com/scusemua/distributed-notebook/common/jupyter/server/abstract.go:341.17,351.3 1 0
github.com/scusemua/distributed-notebook/common/jupyter/server/abstract.go:351.8,360.3 1 0
github.com/scusemua/distributed-notebook/common/jupyter/server/abstract.go:362.2,363.16 2 0
github.com/scusemua/distributed-notebook/common/jupyter/server/abstract.go:363.16,364.13 1 0
github.com/scusemua/distributed-notebook/common/jupyter/server/abstract.go:367.2,374.16 7 0
github.com/scusemua/distributed-notebook/common/jupyter/server/abstract.go:374.16,377.3 2 0
github.com/scusemua/distributed-notebook/common/jupyter/server/abstract.go:378.2,390.138 9 0
github.com/scusemua/distributed-notebook/common/jupyter/server/abstract.go:390.138,392.3 1 0
github.com/scusemua/distributed-notebook/common/jupyter/server/abstract.go:394.2,394.130 1 0
github.com/scusemua/distributed-notebook/common/jupyter/server/abstract.go:394.130,396.3 1 0
github.com/scusemua/distributed-notebook/common/jupyter/server/abstract.go:398.2,398.12 1 0
github.com/scusemua/distributed-notebook/common/jupyter/server/abstract.go:405.122,407.69 1 1
github.com/scusemua/distributed-notebook/common/jupyter/server/abstract.go:407.69,412.17 4 0
github.com/scusemua/distributed-notebook/common/jupyter/server/abstract.go:412.17,415.4 2 0
github.com/scusemua/distributed-notebook/common/jupyter/server/abstract.go:417.3,425.20 6 0
github.com/scusemua/distributed-notebook/common/jupyter/server/abstract.go:428.2,428.18 1 1
github.com/scusemua/distributed-notebook/common/jupyter/server/abstract.go:433.128,436.56 2 1
github.com/scusemua/distributed-notebook/common/jupyter/server/abstract.go:436.56,439.3 1 0
github.com/scusemua/distributed-notebook/common/jupyter/server/abstract.go:440.2,444.30 4 1
github.com/scusemua/distributed-notebook/common/jupyter/server/abstract.go:444.30,447.3 2 1
github.com/scusemua/distributed-notebook/common/jupyter/server/abstract.go:447.8,451.3 3 1
github.com/scusemua/distributed-notebook/common/jupyter/server/abstract.go:453.2,453.6 1 1
github.com/scusemua/distributed-notebook/common/jupyter/server/abstract.go:453.6,454.10 1 1
github.com/scusemua/distributed-notebook/common/jupyter/server/abstract.go:455.33,457.20 2 0
github.com/scusemua/distributed-notebook/common/jupyter/server/abstract.go:457.20,459.5 1 0
github.com/scusemua/distributed-notebook/common/jupyter/server/abstract.go:460.4,460.10 1 0
github.com/scusemua/distributed-notebook/common/jupyter/server/abstract.go:461.23,462.20 1 0
github.com/scusemua/distributed-notebook/common/jupyter/server/abstract.go:462.20,464.5 1 0
github.com/scusemua/distributed-notebook/common/jupyter/server/abstract.go:465.4,465.10 1 0
github.com/scusemua/distributed-notebook/common/jupyter/server/abstract.go:466.23,469.18 2 1
github.com/scusemua/distributed-notebook/common/jupyter/server/abstract.go:469.18,470.21 1 0
github.com/scusemua/distributed-notebook/common/jupyter/server/abstract.go:470.21,472.6 1 0
github.com/scusemua/distributed-notebook/common/jupyter/server/abstract.go:473.5,473.11 1 0
github.com/scusemua/distributed-notebook/common/jupyter/server/abstract.go:476.4,480.27 2 1
github.com/scusemua/distributed-notebook/common/jupyter/server/abstract.go:481.15,482.12 1 1
github.com/scusemua/distributed-notebook/common/jupyter/server/abstract.go:483.35,486.108 2 1
github.com/scusemua/distributed-notebook/common/jupyter/server/abstract.go:486.108,491.6 4 1
github.com/scusemua/distributed-notebook/common/jupyter/server/abstract.go:494.5,495.19 2 1
github.com/scusemua/distributed-notebook/common/jupyter/server/abstract.go:495.19,496.142 1 0
github.com/scusemua/distributed-notebook/common/jupyter/server/abstract.go:500.5,500.24 1 1
github.com/scusemua/distributed-notebook/common/jupyter/server/abstract.go:500.24,501.22 1 0
github.com/scusemua/distributed-notebook/common/jupyter/server/abstract.go:501.22,503.7 1 0
github.com/scusemua/distributed-notebook/common/jupyter/server/abstract.go:506.6,506.14 1 0
github.com/scusemua/distributed-notebook/common/jupyter/server/abstract.go:513.5,513.124 1 1
github.com/scusemua/distributed-notebook/common/jupyter/server/abstract.go:513.124,515.23 2 0
github.com/scusemua/distributed-notebook/common/jupyter/server/abstract.go:515.23,517.7 1 0
github.com/scusemua/distributed-notebook/common/jupyter/server/abstract.go:520.5,522.52 3 1
github.com/scusemua/distributed-notebook/common/jupyter/server/abstract.go:522.52,527.6 2 0
github.com/scusemua/distributed-notebook/common/jupyter/server/abstract.go:527.11,527.177 1 1
github.com/scusemua/distributed-notebook/common/jupyter/server/abstract.go:527.177,532.6 1 1
github.com/scusemua/distributed-notebook/common/jupyter/server/abstract.go:536.4,536.21 1 1
github.com/scusemua/distributed-notebook/common/jupyter/server/abstract.go:536.21,538.21 1 0
github.com/scusemua/distributed-notebook/common/jupyter/server/abstract.go:538.21,540.6 1 0
github.com/scusemua/distributed-notebook/common/jupyter/server/abstract.go:541.5,541.11 1 0
github.com/scusemua/distributed-notebook/common/jupyter/server/abstract.go:542.10,542.79 1 1
github.com/scusemua/distributed-notebook/common/jupyter/server/abstract.go:542.79,547.65 2 1
github.com/scusemua/distributed-notebook/common/jupyter/server/abstract.go:547.65,549.22 1 1
github.com/scusemua/distributed-notebook/common/jupyter/server/abstract.go:549.22,551.7 1 1
github.com/scusemua/distributed-notebook/common/jupyter/server/abstract.go:553.6,553.12 1 1
github.com/scusemua/distributed-notebook/common/jupyter/server/abstract.go:556.5,556.59 1 0
github.com/scusemua/distributed-notebook/common/jupyter/server/abstract.go:556.59,558.22 1 0
github.com/scusemua/distributed-notebook/common/jupyter/server/abstract.go:558.22,560.7 1 0
github.com/scusemua/distributed-notebook/common/jupyter/server/abstract.go:562.6,562.12 1 0
github.com/scusemua/distributed-notebook/common/jupyter/server/abstract.go:564.10,564.25 1 1
github.com/scusemua/distributed-notebook/common/jupyter/server/abstract.go:564.25,568.21 2 0
github.com/scusemua/distributed-notebook/common/jupyter/server/abstract.go:568.21,570.6 1 0
github.com/scusemua/distributed-notebook/common/jupyter/server/abstract.go:571.5,571.13 1 0
github.com/scusemua/distributed-notebook/common/jupyter/server/abstract.go:575.3,575.31 1 1
github.com/scusemua/distributed-notebook/common/jupyter/server/abstract.go:575.31,578.4 1 1
github.com/scusemua/distributed-notebook/common/jupyter/server/abstract.go:582.136,594.19 2 0
github.com/scusemua/distributed-notebook/common/jupyter/server/abstract.go:594.19,597.3 2 0
github.com/scusemua/distributed-notebook/common/jupyter/server/abstract.go:601.2,601.48 1 0
github.com/scusemua/distributed-notebook/common/jupyter/server/abstract.go:601.48,602.99 1 0
github.com/scusemua/distributed-notebook/common/jupyter/server/abstract.go:602.99,604.4 1 0
github.com/scusemua/distributed-notebook/common/jupyter/server/abstract.go:606.3,606.51 1 0
github.com/scusemua/distributed-notebook/common/jupyter/server/abstract.go:606.51,608.4 1 0
github.com/scusemua/distributed-notebook/common/jupyter/server/abstract.go:611.2,615.8 4 0
github.com/scusemua/distributed-notebook/common/jupyter/server/abstract.go:615.8,617.3 1 0
github.com/scusemua/distributed-notebook/common/jupyter/server/abstract.go:617.8,619.3 1 0
github.com/scusemua/distributed-notebook/common/jupyter/server/abstract.go:622.2,635.72 3 0
github.com/scusemua/distributed-notebook/common/jupyter/server/abstract.go:635.72,637.3 1 0
github.com/scusemua/distributed-notebook/common/jupyter/server/abstract.go:640.2,647.79 2 0
github.com/scusemua/distributed-notebook/common/jupyter/server/abstract.go:647.79,649.3 1 0
github.com/scusemua/distributed-notebook/common/jupyter/server/abstract.go:651.2,656.25 3 0
github.com/scusemua/distributed-notebook/common/jupyter/server/abstract.go:656.25,658.3 1 0
github.com/scusemua/distributed-notebook/common/jupyter/server/abstract.go:661.2,664.18 3 0
github.com/scusemua/distributed-notebook/common/jupyter/server/abstract.go:670.127,672.28 2 0
github.com/scusemua/distributed-notebook/common/jupyter/server/abstract.go:672.28,675.3 2 0
github.com/scusemua/distributed-notebook/common/jupyter/server/abstract.go:677.2,684.168 6 0
github.com/scusemua/distributed-notebook/common/jupyter/server/abstract.go:684.168,686.3 1 0
github.com/scusemua/distributed-notebook/common/jupyter/server/abstract.go:688.2,688.160 1 0
github.com/scusemua/distributed-notebook/common/jupyter/server/abstract.go:688.160,690.3 1 0
github.com/scusemua/distributed-notebook/common/jupyter/server/abstract.go:692.2,692.12 1 0
github.com/scusemua/distributed-notebook/common/jupyter/server/abstract.go:696.74,698.2 1 1
github.com/scusemua/distributed-notebook/common/jupyter/server/abstract.go:725.93,729.20 2 1
github.com/scusemua/distributed-notebook/common/jupyter/server/abstract.go:729.20,730.87 1 0
github.com/scusemua/distributed-notebook/common/jupyter/server/abstract.go:734.2,734.30 1 1
github.com/scusemua/distributed-notebook/common/jupyter/server/abstract.go:734.30,735.116 1 0
github.com/scusemua/distributed-notebook/common/jupyter/server/abstract.go:739.2,740.17 2 1
github.com/scusemua/distributed-notebook/common/jupyter/server/abstract.go:740.17,741.116 1 0
github.com/scusemua/distributed-notebook/common/jupyter/server/abstract.go:744.2,751.27 4 1
github.com/scusemua/distributed-notebook/common/jupyter/server/abstract.go:751.27,753.24 2 1
github.com/scusemua/distributed-notebook/common/jupyter/server/abstract.go:753.24,756.4 1 0
github.com/scusemua/distributed-notebook/common/jupyter/server/abstract.go:757.8,760.3 1 0
github.com/scusemua/distributed-notebook/common/jupyter/server/abstract.go:763.2,774.44 3 1
github.com/scusemua/distributed-notebook/common/jupyter/server/abstract.go:774.44,776.3 1 1
github.com/scusemua/distributed-notebook/common/jupyter/server/abstract.go:778.2,779.36 2 1
github.com/scusemua/distributed-notebook/common/jupyter/server/abstract.go:779.36,792.49 1 1
github.com/scusemua/distributed-notebook/common/jupyter/server/abstract.go:792.49,794.4 1 1
github.com/scusemua/distributed-notebook/common/jupyter/server/abstract.go:798.3,798.70 1 0
github.com/scusemua/distributed-notebook/common/jupyter/server/abstract.go:798.70,801.48 2 0
github.com/scusemua/distributed-notebook/common/jupyter/server/abstract.go:801.48,803.5 1 0
github.com/scusemua/distributed-notebook/common/jupyter/server/abstract.go:811.2,811.12 1 1
github.com/scusemua/distributed-notebook/common/jupyter/server/abstract.go:811.12,814.20 3 1
github.com/scusemua/distributed-notebook/common/jupyter/server/abstract.go:814.20,816.4 1 1
github.com/scusemua/distributed-notebook/common/jupyter/server/abstract.go:819.3,819.74 1 1
github.com/scusemua/distributed-notebook/common/jupyter/server/abstract.go:819.74,821.18 2 0
github.com/scusemua/distributed-notebook/common/jupyter/server/abstract.go:821.18,826.5 1 0
github.com/scusemua/distributed-notebook/common/jupyter/server/abstract.go:832.3,832.22 1 1
github.com/scusemua/distributed-notebook/common/jupyter/server/abstract.go:835.2,835.55 1 1
github.com/scusemua/distributed-notebook/common/jupyter/server/abstract.go:835.55,837.20 2 0
github.com/scusemua/distributed-notebook/common/jupyter/server/abstract.go:837.20,839.4 1 0
github.com/scusemua/distributed-notebook/common/jupyter/server/abstract.go:841.3,848.13 2 0
github.com/scusemua/distributed-notebook/common/jupyter/server/abstract.go:851.2,851.12 1 1
github.com/scusemua/distributed-notebook/common/jupyter/server/abstract.go:857.69,859.28 1 1
github.com/scusemua/distributed-notebook/common/jupyter/server/abstract.go:859.28,863.3 2 0
github.com/scusemua/distributed-notebook/common/jupyter/server/abstract.go:865.2,869.72 2 1
github.com/scusemua/distributed-notebook/common/jupyter/server/abstract.go:869.72,871.48 1 0
github.com/scusemua/distributed-notebook/common/jupyter/server/abstract.go:874.2,876.9 2 1
github.com/scusemua/distributed-notebook/common/jupyter/server/abstract.go:877.17,878.3 1 1
github.com/scusemua/distributed-notebook/common/jupyter/server/abstract.go:878.3,880.4 1 1
github.com/scusemua/distributed-notebook/common/jupyter/server/abstract.go:881.42,882.3 1 1
github.com/scusemua/distributed-notebook/common/jupyter/server/abstract.go:882.3,884.4 1 1
github.com/scusemua/distributed-notebook/common/jupyter/server/abstract.go:890.108,891.41 1 1
github.com/scusemua/distributed-notebook/common/jupyter/server/abstract.go:891.41,895.43 2 0
github.com/scusemua/distributed-notebook/common/jupyter/server/abstract.go:895.43,897.4 1 0
github.com/scusemua/distributed-notebook/common/jupyter/server/abstract.go:899.3,899.98 1 0
github.com/scusemua/distributed-notebook/common/jupyter/server/abstract.go:909.97,925.16 5 1
github.com/scusemua/distributed-notebook/common/jupyter/server/abstract.go:925.16,927.70 1 0
github.com/scusemua/distributed-notebook/common/jupyter/server/abstract.go:927.70,930.4 1 0
github.com/scusemua/distributed-notebook/common/jupyter/server/abstract.go:932.3,932.13 1 0
github.com/scusemua/distributed-notebook/common/jupyter/server/abstract.go:936.2,940.163 3 1
github.com/scusemua/distributed-notebook/common/jupyter/server/abstract.go:940.163,942.3 1 0
github.com/scusemua/distributed-notebook/common/jupyter/server/abstract.go:945.2,945.46 1 1
github.com/scusemua/distributed-notebook/common/jupyter/server/abstract.go:945.46,954.3 6 1
github.com/scusemua/distributed-notebook/common/jupyter/server/abstract.go:957.2,957.50 1 1
github.com/scusemua/distributed-notebook/common/jupyter/server/abstract.go:957.50,959.110 1 0
github.com/scusemua/distributed-notebook/common/jupyter/server/abstract.go:962.2,962.12 1 1
github.com/scusemua/distributed-notebook/common/jupyter/server/abstract.go:967.110,968.16 1 1
github.com/scusemua/distributed-notebook/common/jupyter/server/abstract.go:968.16,969.78 1 0
github.com/scusemua/distributed-notebook/common/jupyter/server/abstract.go:972.2,972.19 1 1
github.com/scusemua/distributed-notebook/common/jupyter/server/abstract.go:972.19,973.70 1 0
github.com/scusemua/distributed-notebook/common/jupyter/server/abstract.go:976.2,976.18 1 1
github.com/scusemua/distributed-notebook/common/jupyter/server/abstract.go:976.18,978.3 1 0
github.com/scusemua/distributed-notebook/common/jupyter/server/abstract.go:980.2,980.86 1 1
github.com/scusemua/distributed-notebook/common/jupyter/server/abstract.go:980.86,982.3 1 1
github.com/scusemua/distributed-notebook/common/jupyter/server/abstract.go:984.2,984.120 1 0
github.com/scusemua/distributed-notebook/common/jupyter/server/abstract.go:984.120,986.3 1 0
github.com/scusemua/distributed-notebook/common/jupyter/server/abstract.go:988.2,988.14 1 0
github.com/scusemua/distributed-notebook/common/jupyter/server/abstract.go:991.96,992.40 1 1
github.com/scusemua/distributed-notebook/common/jupyter/server/abstract.go:992.40,994.3 1 1
github.com/scusemua/distributed-notebook/common/jupyter/server/abstract.go:996.2,1003.77 6 0
github.com/scusemua/distributed-notebook/common/jupyter/server/abstract.go:1003.77,1010.3 5 0
github.com/scusemua/distributed-notebook/common/jupyter/server/abstract.go:1018.108,1026.56 4 1
github.com/scusemua/distributed-notebook/common/jupyter/server/abstract.go:1026.56,1030.17 2 1
github.com/scusemua/distributed-notebook/common/jupyter/server/abstract.go:1030.17,1033.14 3 0
github.com/scusemua/distributed-notebook/common/jupyter/server/abstract.go:1038.3,1038.82 1 1
github.com/scusemua/distributed-notebook/common/jupyter/server/abstract.go:1038.82,1040.4 1 1
github.com/scusemua/distributed-notebook/common/jupyter/server/abstract.go:1045.2,1045.70 1 1
github.com/scusemua/distributed-notebook/common/jupyter/server/abstract.go:1045.70,1046.56 1 1
github.com/scusemua/distributed-notebook/common/jupyter/server/abstract.go:1046.56,1054.4 2 0
github.com/scusemua/distributed-notebook/common/jupyter/server/abstract.go:1058.3,1058.26 1 1
github.com/scusemua/distributed-notebook/common/jupyter/server/abstract.go:1058.26,1062.157 2 1
github.com/scusemua/distributed-notebook/common/jupyter/server/abstract.go:1062.157,1064.5 1 0
github.com/scusemua/distributed-notebook/common/jupyter/server/abstract.go:1066.4,1066.29 1 1
github.com/scusemua/distributed-notebook/common/jupyter/server/abstract.go:1071.3,1071.89 1 1
github.com/scusemua/distributed-notebook/common/jupyter/server/abstract.go:1071.89,1076.4 3 1
github.com/scusemua/distributed-notebook/common/jupyter/server/abstract.go:1076.9,1076.73 1 1
github.com/scusemua/distributed-notebook/common/jupyter/server/abstract.go:1076.73,1079.4 2 0
github.com/scusemua/distributed-notebook/common/jupyter/server/abstract.go:1082.3,1082.72 1 1
github.com/scusemua/distributed-notebook/common/jupyter/server/abstract.go:1082.72,1084.4 1 0
github.com/scusemua/distributed-notebook/common/jupyter/server/abstract.go:1090.105,1091.28 1 1
github.com/scusemua/distributed-notebook/common/jupyter/server/abstract.go:1091.28,1095.3 2 0
github.com/scusemua/distributed-notebook/common/jupyter/server/abstract.go:1097.2,1100.46 3 1
github.com/scusemua/distributed-notebook/common/jupyter/server/abstract.go:1100.46,1106.3 5 1
github.com/scusemua/distributed-notebook/common/jupyter/server/abstract.go:1108.2,1108.163 1 1
github.com/scusemua/distributed-notebook/common/jupyter/server/abstract.go:1108.163,1110.3 1 0
github.com/scusemua/distributed-notebook/common/jupyter/server/abstract.go:1115.113,1119.39 2 1
github.com/scusemua/distributed-notebook/common/jupyter/server/abstract.go:1119.39,1123.3 2 0
github.com/scusemua/distributed-notebook/common/jupyter/server/abstract.go:1126.2,1126.70 1 1
github.com/scusemua/distributed-notebook/common/jupyter/server/abstract.go:1126.70,1133.50 3 0
github.com/scusemua/distributed-notebook/common/jupyter/server/abstract.go:1133.50,1135.111 1 0
github.com/scusemua/distributed-notebook/common/jupyter/server/abstract.go:1139.3,1140.33 2 0
github.com/scusemua/distributed-notebook/common/jupyter/server/abstract.go:1144.2,1144.30 1 1
github.com/scusemua/distributed-notebook/common/jupyter/server/abstract.go:1144.30,1145.83 1 0
github.com/scusemua/distributed-notebook/common/jupyter/server/abstract.go:1145.83,1147.4 1 0
github.com/scusemua/distributed-notebook/common/jupyter/server/abstract.go:1149.3,1151.95 1 0
github.com/scusemua/distributed-notebook/common/jupyter/server/abstract.go:1155.2,1167.57 5 1
github.com/scusemua/distributed-notebook/common/jupyter/server/abstract.go:1167.57,1169.70 2 0
github.com/scusemua/distributed-notebook/common/jupyter/server/abstract.go:1169.70,1171.4 1 0
github.com/scusemua/distributed-notebook/common/jupyter/server/abstract.go:1173.3,1173.13 1 0
github.com/scusemua/distributed-notebook/common/jupyter/server/abstract.go:1176.2,1176.12 1 1
github.com/scusemua/distributed-notebook/common/jupyter/server/abstract.go:1183.97,1186.63 1 1
github.com/scusemua/distributed-notebook/common/jupyter/server/abstract.go:1186.63,1188.3 1 1
github.com/scusemua/distributed-notebook/common/jupyter/server/abstract.go:1190.2,1190.50 1 1
github.com/scusemua/distributed-notebook/common/jupyter/server/abstract.go:1194.119,1195.51 1 1
github.com/scusemua/distributed-notebook/common/jupyter/server/abstract.go:1195.51,1196.222 1 0
github.com/scusemua/distributed-notebook/common/jupyter/server/abstract.go:1199.2,1199.180 1 1
github.com/scusemua/distributed-notebook/common/jupyter/server/abstract.go:1199.180,1201.3 1 0
github.com/scusemua/distributed-notebook/common/jupyter/server/abstract.go:1209.70,1216.17 3 1
github.com/scusemua/distributed-notebook/common/jupyter/server/abstract.go:1216.17,1219.3 1 1
github.com/scusemua/distributed-notebook/common/jupyter/server/abstract.go:1221.2,1221.26 1 1
github.com/scusemua/distributed-notebook/common/jupyter/server/abstract.go:1224.102,1229.6 4 1
github.com/scusemua/distributed-notebook/common/jupyter/server/abstract.go:1229.6,1233.17 3 1
github.com/scusemua/distributed-notebook/common/jupyter/server/abstract.go:1233.17,1239.20 3 1
github.com/scusemua/distributed-notebook/common/jupyter/server/abstract.go:1239.20,1249.13 7 1
github.com/scusemua/distributed-notebook/common/jupyter/server/abstract.go:1252.4,1252.258 1 1
github.com/scusemua/distributed-notebook/common/jupyter/server/abstract.go:1252.258,1255.20 2 1
github.com/scusemua/distributed-notebook/common/jupyter/server/abstract.go:1255.20,1260.20 2 1
github.com/scusemua/distributed-notebook/common/jupyter/server/abstract.go:1260.20,1262.17 2 0
github.com/scusemua/distributed-notebook/common/jupyter/server/abstract.go:1267.4,1267.42 1 1
github.com/scusemua/distributed-notebook/common/jupyter/server/abstract.go:1267.42,1268.80 1 0
github.com/scusemua/distributed-notebook/common/jupyter/server/abstract.go:1268.80,1271.6 1 0
github.com/scusemua/distributed-notebook/common/jupyter/server/abstract.go:1273.9,1275.4 1 1
github.com/scusemua/distributed-notebook/common/jupyter/server/abstract.go:1277.3,1277.10 1 1
github.com/scusemua/distributed-notebook/common/jupyter/server/abstract.go:1278.21,1278.21 0 1
github.com/scusemua/distributed-notebook/common/jupyter/server/abstract.go:1280.23,1283.10 2 0
github.com/scusemua/distributed-notebook/common/jupyter/server/abstract.go:1287.3,1287.17 1 1
github.com/scusemua/distributed-notebook/common/jupyter/server/abstract.go:1287.17,1291.4 2 1
github.com/scusemua/distributed-notebook/common/jupyter/server/abstract.go:1294.3,1294.19 1 1
github.com/scusemua/distributed-notebook/common/jupyter/server/abstract.go:1294.19,1297.16 2 1
github.com/scusemua/distributed-notebook/common/jupyter/server/abstract.go:1297.16,1300.5 2 0
github.com/scusemua/distributed-notebook/common/jupyter/server/abstract.go:1315.132,1317.70 1 1
github.com/scusemua/distributed-notebook/common/jupyter/server/abstract.go:1317.70,1319.3 1 0
github.com/scusemua/distributed-notebook/common/jupyter/server/abstract.go:1321.2,1321.70 1 1
github.com/scusemua/distributed-notebook/common/jupyter/server/abstract.go:1324.174,1325.116 1 1
github.com/scusemua/distributed-notebook/common/jupyter/server/abstract.go:1325.116,1333.29 5 1
github.com/scusemua/distributed-notebook/common/jupyter/server/abstract.go:1333.29,1336.19 2 1
github.com/scusemua/distributed-notebook/common/jupyter/server/abstract.go:1336.19,1340.5 2 0
github.com/scusemua/distributed-notebook/common/jupyter/server/abstract.go:1340.10,1345.33 1 1
github.com/scusemua/distributed-notebook/common/jupyter/server/abstract.go:1345.33,1347.6 1 1
github.com/scusemua/distributed-notebook/common/jupyter/server/abstract.go:1350.5,1350.70 1 1
github.com/scusemua/distributed-notebook/common/jupyter/server/abstract.go:1350.70,1361.99 5 1
github.com/scusemua/distributed-notebook/common/jupyter/server/abstract.go:1361.99,1365.7 1 0
github.com/scusemua/distributed-notebook/common/jupyter/server/abstract.go:1368.5,1368.34 1 1
github.com/scusemua/distributed-notebook/common/jupyter/server/abstract.go:1368.34,1370.6 1 0
github.com/scusemua/distributed-notebook/common/jupyter/server/abstract.go:1372.9,1375.4 1 0
github.com/scusemua/distributed-notebook/common/jupyter/server/abstract.go:1377.3,1377.21 1 1
github.com/scusemua/distributed-notebook/common/jupyter/server/abstract.go:1377.21,1379.18 2 1
github.com/scusemua/distributed-notebook/common/jupyter/server/abstract.go:1379.18,1381.5 1 0
github.com/scusemua/distributed-notebook/common/jupyter/server/abstract.go:1383.4,1384.18 2 1
github.com/scusemua/distributed-notebook/common/jupyter/server/abstract.go:1384.18,1386.112 1 0
github.com/scusemua/distributed-notebook/common/jupyter/server/abstract.go:1391.3,1391.16 1 1
github.com/scusemua/distributed-notebook/common/jupyter/server/base.go:27.93,29.2 1 0
github.com/scusemua/distributed-notebook/common/jupyter/server/base.go:31.48,33.2 1 0
github.com/scusemua/distributed-notebook/common/jupyter/server/base.go:36.112,38.2 1 0
github.com/scusemua/distributed-notebook/common/jupyter/server/base.go:46.87,49.2 1 0
github.com/scusemua/distributed-notebook/common/jupyter/server/base.go:52.89,55.2 1 0
github.com/scusemua/distributed-notebook/common/jupyter/server/base.go:58.74,60.2 1 0
github.com/scusemua/distributed-notebook/common/jupyter/server/base.go:63.67,66.19 2 0
github.com/scusemua/distributed-notebook/common/jupyter/server/base.go:66.19,68.3 1 0
github.com/scusemua/distributed-notebook/common/jupyter/server/base.go:70.2,70.11 1 0
github.com/scusemua/distributed-notebook/common/jupyter/server/base.go:75.68,76.32 1 0
github.com/scusemua/distributed-notebook/common/jupyter/server/base.go:76.32,78.3 1 0
github.com/scusemua/distributed-notebook/common/jupyter/server/base.go:80.2,83.12 3 0
github.com/scusemua/distributed-notebook/common/jupyter/server/base.go:86.60,88.2 1 0
github.com/scusemua/distributed-notebook/common/jupyter/server/base.go:91.48,93.2 1 0
github.com/scusemua/distributed-notebook/common/jupyter/server/base.go:96.54,98.2 1 0
github.com/scusemua/distributed-notebook/common/jupyter/server/base.go:100.36,103.2 2 0
github.com/scusemua/distributed-notebook/common/scheduling/active_execution.go:36.48,41.2 1 0
github.com/scusemua/distributed-notebook/common/scheduling/active_execution.go:43.36,45.2 1 0
github.com/scusemua/distributed-notebook/common/scheduling/active_execution.go:47.39,49.2 1 0
github.com/scusemua/distributed-notebook/common/scheduling/active_execution.go:51.35,53.2 1 0
github.com/scusemua/distributed-notebook/common/scheduling/active_execution.go:55.34,57.2 1 0
github.com/scusemua/distributed-notebook/common/scheduling/active_execution.go:59.36,61.16 2 0
github.com/scusemua/distributed-notebook/common/scheduling/active_execution.go:61.16,62.13 1 0
github.com/scusemua/distributed-notebook/common/scheduling/active_execution.go:65.2,65.18 1 0
github.com/scusemua/distributed-notebook/common/scheduling/active_execution.go:118.81,120.2 1 0
github.com/scusemua/distributed-notebook/common/scheduling/active_execution.go:122.73,124.2 1 0
github.com/scusemua/distributed-notebook/common/scheduling/active_execution.go:126.51,128.2 1 0
github.com/scusemua/distributed-notebook/common/scheduling/active_execution.go:129.48,131.2 1 0
github.com/scusemua/distributed-notebook/common/scheduling/active_execution.go:133.67,135.2 1 0
github.com/scusemua/distributed-notebook/common/scheduling/active_execution.go:137.60,139.2 1 0
github.com/scusemua/distributed-notebook/common/scheduling/active_execution.go:141.63,143.2 1 0
github.com/scusemua/distributed-notebook/common/scheduling/active_execution.go:145.46,147.2 1 0
github.com/scusemua/distributed-notebook/common/scheduling/active_execution.go:149.50,151.2 1 0
github.com/scusemua/distributed-notebook/common/scheduling/active_execution.go:153.122,172.16 4 0
github.com/scusemua/distributed-notebook/common/scheduling/active_execution.go:172.16,176.17 3 0
github.com/scusemua/distributed-notebook/common/scheduling/active_execution.go:176.17,177.50 1 0
github.com/scusemua/distributed-notebook/common/scheduling/active_execution.go:177.50,180.5 2 0
github.com/scusemua/distributed-notebook/common/scheduling/active_execution.go:182.4,182.41 1 0
github.com/scusemua/distributed-notebook/common/scheduling/active_execution.go:182.41,186.5 3 0
github.com/scusemua/distributed-notebook/common/scheduling/active_execution.go:187.9,192.10 3 0
github.com/scusemua/distributed-notebook/common/scheduling/active_execution.go:192.10,196.5 3 0
github.com/scusemua/distributed-notebook/common/scheduling/active_execution.go:198.4,199.10 2 0
github.com/scusemua/distributed-notebook/common/scheduling/active_execution.go:199.10,203.5 3 0
github.com/scusemua/distributed-notebook/common/scheduling/active_execution.go:224.2,224.24 1 0
github.com/scusemua/distributed-notebook/common/scheduling/active_execution.go:238.116,242.66 3 0
github.com/scusemua/distributed-notebook/common/scheduling/active_execution.go:242.66,244.3 1 0
github.com/scusemua/distributed-notebook/common/scheduling/active_execution.go:247.2,247.83 1 0
github.com/scusemua/distributed-notebook/common/scheduling/active_execution.go:247.83,249.3 1 0
github.com/scusemua/distributed-notebook/common/scheduling/active_execution.go:252.2,254.12 2 0
github.com/scusemua/distributed-notebook/common/scheduling/active_execution.go:259.53,261.2 1 0
github.com/scusemua/distributed-notebook/common/scheduling/active_execution.go:265.64,267.2 1 0
github.com/scusemua/distributed-notebook/common/scheduling/active_execution.go:277.61,279.2 1 0
github.com/scusemua/distributed-notebook/common/scheduling/active_execution.go:284.68,285.39 1 0
github.com/scusemua/distributed-notebook/common/scheduling/active_execution.go:285.39,287.3 1 0
github.com/scusemua/distributed-notebook/common/scheduling/active_execution.go:287.8,289.3 1 0
github.com/scusemua/distributed-notebook/common/scheduling/active_execution.go:292.59,294.2 1 0
github.com/scusemua/distributed-notebook/common/scheduling/active_execution.go:296.46,298.2 1 0
github.com/scusemua/distributed-notebook/common/scheduling/active_execution.go:300.41,302.2 1 0
github.com/scusemua/distributed-notebook/common/scheduling/active_execution.go:304.43,308.2 1 0
github.com/scusemua/distributed-notebook/common/scheduling/active_execution.go:311.75,312.37 1 0
github.com/scusemua/distributed-notebook/common/scheduling/active_execution.go:312.37,314.3 1 0
github.com/scusemua/distributed-notebook/common/scheduling/active_execution.go:316.2,319.12 3 0
github.com/scusemua/distributed-notebook/common/scheduling/active_execution.go:323.96,324.37 1 0
github.com/scusemua/distributed-notebook/common/scheduling/active_execution.go:324.37,326.3 1 0
github.com/scusemua/distributed-notebook/common/scheduling/active_execution.go:328.2,331.38 3 0
github.com/scusemua/distributed-notebook/common/scheduling/active_execution.go:331.38,333.3 1 0
github.com/scusemua/distributed-notebook/common/scheduling/active_execution.go:335.2,335.12 1 0
github.com/scusemua/distributed-notebook/common/scheduling/active_execution.go:340.50,342.2 1 0
github.com/scusemua/distributed-notebook/common/scheduling/active_execution.go:344.84,345.39 1 0
github.com/scusemua/distributed-notebook/common/scheduling/active_execution.go:345.39,348.22 2 0
github.com/scusemua/distributed-notebook/common/scheduling/active_execution.go:348.22,350.4 1 0
github.com/scusemua/distributed-notebook/common/scheduling/add_replica_operation.go:14.38,16.2 1 0
github.com/scusemua/distributed-notebook/common/scheduling/add_replica_operation.go:47.118,67.2 2 0
github.com/scusemua/distributed-notebook/common/scheduling/add_replica_operation.go:77.55,79.2 1 0
github.com/scusemua/distributed-notebook/common/scheduling/add_replica_operation.go:82.48,87.2 1 0
github.com/scusemua/distributed-notebook/common/scheduling/add_replica_operation.go:90.68,92.2 1 0
github.com/scusemua/distributed-notebook/common/scheduling/add_replica_operation.go:95.75,97.2 1 0
github.com/scusemua/distributed-notebook/common/scheduling/add_replica_operation.go:100.64,102.2 1 0
github.com/scusemua/distributed-notebook/common/scheduling/add_replica_operation.go:105.72,107.2 1 0
github.com/scusemua/distributed-notebook/common/scheduling/add_replica_operation.go:115.49,117.2 1 0
github.com/scusemua/distributed-notebook/common/scheduling/add_replica_operation.go:120.48,122.2 1 0
github.com/scusemua/distributed-notebook/common/scheduling/add_replica_operation.go:125.53,127.2 1 0
github.com/scusemua/distributed-notebook/common/scheduling/add_replica_operation.go:130.48,132.2 1 0
github.com/scusemua/distributed-notebook/common/scheduling/add_replica_operation.go:135.50,137.2 1 0
github.com/scusemua/distributed-notebook/common/scheduling/add_replica_operation.go:140.50,142.2 1 0
github.com/scusemua/distributed-notebook/common/scheduling/add_replica_operation.go:146.62,153.2 1 0
github.com/scusemua/distributed-notebook/common/scheduling/add_replica_operation.go:156.54,158.2 1 0
github.com/scusemua/distributed-notebook/common/scheduling/add_replica_operation.go:161.56,163.2 1 0
github.com/scusemua/distributed-notebook/common/scheduling/add_replica_operation.go:167.54,188.2 2 0
github.com/scusemua/distributed-notebook/common/scheduling/add_replica_operation.go:191.50,193.2 1 0
github.com/scusemua/distributed-notebook/common/scheduling/add_replica_operation.go:196.57,198.2 1 0
github.com/scusemua/distributed-notebook/common/scheduling/add_replica_operation.go:203.61,204.26 1 0
github.com/scusemua/distributed-notebook/common/scheduling/add_replica_operation.go:204.26,206.3 1 0
github.com/scusemua/distributed-notebook/common/scheduling/add_replica_operation.go:208.2,211.12 3 0
github.com/scusemua/distributed-notebook/common/scheduling/add_replica_operation.go:215.70,217.2 1 0
github.com/scusemua/distributed-notebook/common/scheduling/add_replica_operation.go:220.60,222.2 1 0
github.com/scusemua/distributed-notebook/common/scheduling/add_replica_operation.go:225.68,227.2 1 0
github.com/scusemua/distributed-notebook/common/scheduling/add_replica_operation.go:231.52,233.2 1 0
github.com/scusemua/distributed-notebook/common/scheduling/add_replica_operation.go:236.94,239.2 2 0
github.com/scusemua/distributed-notebook/common/scheduling/add_replica_operation.go:242.80,244.2 1 0
github.com/scusemua/distributed-notebook/common/scheduling/add_replica_operation.go:252.116,258.2 1 0
github.com/scusemua/distributed-notebook/common/scheduling/add_replica_operation.go:261.60,263.2 1 0
github.com/scusemua/distributed-notebook/common/scheduling/add_replica_operation.go:266.59,268.2 1 0
github.com/scusemua/distributed-notebook/common/scheduling/add_replica_operation.go:271.58,273.2 1 0
github.com/scusemua/distributed-notebook/common/scheduling/container_list.go:14.35,16.2 1 0
github.com/scusemua/distributed-notebook/common/scheduling/container_list.go:18.40,20.2 1 0
github.com/scusemua/distributed-notebook/common/scheduling/container_list.go:22.41,23.15 1 0
github.com/scusemua/distributed-notebook/common/scheduling/container_list.go:23.15,25.3 1 0
github.com/scusemua/distributed-notebook/common/scheduling/container_list.go:25.8,25.25 1 0
github.com/scusemua/distributed-notebook/common/scheduling/container_list.go:25.25,27.3 1 0
github.com/scusemua/distributed-notebook/common/scheduling/container_list.go:28.2,31.31 4 0
github.com/scusemua/distributed-notebook/common/scheduling/container_list.go:31.31,34.3 2 0
github.com/scusemua/distributed-notebook/common/scheduling/container_list.go:35.2,36.21 2 0
github.com/scusemua/distributed-notebook/common/scheduling/container_list.go:43.50,45.2 1 0
github.com/scusemua/distributed-notebook/common/scheduling/container_list.go:47.74,50.15 3 0
github.com/scusemua/distributed-notebook/common/scheduling/container_list.go:50.15,51.41 1 0
github.com/scusemua/distributed-notebook/common/scheduling/container_list.go:51.41,53.4 1 0
github.com/scusemua/distributed-notebook/common/scheduling/container_list.go:54.3,56.14 3 0
github.com/scusemua/distributed-notebook/common/scheduling/container_list.go:58.2,58.32 1 0
github.com/scusemua/distributed-notebook/common/scheduling/container_list.go:61.46,62.15 1 0
github.com/scusemua/distributed-notebook/common/scheduling/container_list.go:62.15,64.3 1 0
github.com/scusemua/distributed-notebook/common/scheduling/container_list.go:64.8,64.26 1 0
github.com/scusemua/distributed-notebook/common/scheduling/container_list.go:64.26,66.3 1 0
github.com/scusemua/distributed-notebook/common/scheduling/container_list.go:67.2,70.32 4 0
github.com/scusemua/distributed-notebook/common/scheduling/container_list.go:70.32,73.3 2 0
github.com/scusemua/distributed-notebook/common/scheduling/container_list.go:74.2,75.21 2 0
github.com/scusemua/distributed-notebook/common/scheduling/options.go:53.52,55.2 1 1
github.com/scusemua/distributed-notebook/common/scheduling/options.go:58.56,60.2 1 1
github.com/scusemua/distributed-notebook/common/scheduling/options.go:63.67,65.34 2 0
github.com/scusemua/distributed-notebook/common/scheduling/options.go:65.34,67.3 1 0
github.com/scusemua/distributed-notebook/common/scheduling/options.go:69.2,70.16 2 0
github.com/scusemua/distributed-notebook/common/scheduling/options.go:70.16,71.13 1 0
github.com/scusemua/distributed-notebook/common/scheduling/options.go:74.2,74.18 1 0
github.com/scusemua/distributed-notebook/common/scheduling/options.go:77.47,79.16 2 0
github.com/scusemua/distributed-notebook/common/scheduling/options.go:79.16,80.13 1 0
github.com/scusemua/distributed-notebook/common/scheduling/options.go:83.2,83.18 1 0
github.com/scusemua/distributed-notebook/common/scheduling/options.go:89.65,101.30 1 0
github.com/scusemua/distributed-notebook/common/scheduling/options.go:101.30,103.3 1 0
github.com/scusemua/distributed-notebook/common/scheduling/options.go:109.2,109.49 1 0
github.com/scusemua/distributed-notebook/common/scheduling/options.go:109.49,113.3 2 0
github.com/scusemua/distributed-notebook/common/scheduling/options.go:116.2,116.34 1 0
github.com/scusemua/distributed-notebook/common/scheduling/options.go:116.34,120.3 2 0
github.com/scusemua/distributed-notebook/common/scheduling/options.go:123.2,123.31 1 0
github.com/scusemua/distributed-notebook/common/scheduling/options.go:123.31,127.3 2 0
github.com/scusemua/distributed-notebook/common/scheduling/policy.go:38.36,40.2 1 0
github.com/scusemua/distributed-notebook/common/scheduling/policy.go:45.58,47.2 1 0
github.com/scusemua/distributed-notebook/common/scheduling/policy.go:57.48,59.2 1 0
github.com/scusemua/distributed-notebook/common/scheduling/policy.go:65.45,67.2 1 0
github.com/scusemua/distributed-notebook/common/scheduling/policy.go:167.76,168.17 1 1
github.com/scusemua/distributed-notebook/common/scheduling/policy.go:168.17,169.90 1 0
github.com/scusemua/distributed-notebook/common/scheduling/policy.go:172.2,183.3 1 1
github.com/scusemua/distributed-notebook/common/scheduling/scheduler.go:35.48,38.2 1 0
github.com/scusemua/distributed-notebook/common/scheduling/scheduler.go:40.49,42.2 1 0
github.com/scusemua/distributed-notebook/common/scheduling/session.go:23.39,25.2 1 0
