mode: set
github.com/scusemua/distributed-notebook/common/scheduling/active_execution.go:36.48,41.2 1 0
github.com/scusemua/distributed-notebook/common/scheduling/active_execution.go:43.36,45.2 1 0
github.com/scusemua/distributed-notebook/common/scheduling/active_execution.go:47.39,49.2 1 0
github.com/scusemua/distributed-notebook/common/scheduling/active_execution.go:51.35,53.2 1 0
github.com/scusemua/distributed-notebook/common/scheduling/active_execution.go:55.34,57.2 1 0
github.com/scusemua/distributed-notebook/common/scheduling/active_execution.go:59.36,61.16 2 0
github.com/scusemua/distributed-notebook/common/scheduling/active_execution.go:61.16,62.13 1 0
github.com/scusemua/distributed-notebook/common/scheduling/active_execution.go:65.2,65.18 1 0
github.com/scusemua/distributed-notebook/common/scheduling/active_execution.go:118.81,120.2 1 0
github.com/scusemua/distributed-notebook/common/scheduling/active_execution.go:122.73,124.2 1 0
github.com/scusemua/distributed-notebook/common/scheduling/active_execution.go:126.51,128.2 1 0
github.com/scusemua/distributed-notebook/common/scheduling/active_execution.go:129.48,131.2 1 0
github.com/scusemua/distributed-notebook/common/scheduling/active_execution.go:133.67,135.2 1 0
github.com/scusemua/distributed-notebook/common/scheduling/active_execution.go:137.60,139.2 1 0
github.com/scusemua/distributed-notebook/common/scheduling/active_execution.go:141.63,143.2 1 0
github.com/scusemua/distributed-notebook/common/scheduling/active_execution.go:145.46,147.2 1 0
github.com/scusemua/distributed-notebook/common/scheduling/active_execution.go:149.50,151.2 1 0
github.com/scusemua/distributed-notebook/common/scheduling/active_execution.go:153.122,172.16 4 0
github.com/scusemua/distributed-notebook/common/scheduling/active_execution.go:172.16,176.17 3 0
github.com/scusemua/distributed-notebook/common/scheduling/active_execution.go:176.17,177.50 1 0
github.com/scusemua/distributed-notebook/common/scheduling/active_execution.go:177.50,180.5 2 0
github.com/scusemua/distributed-notebook/common/scheduling/active_execution.go:182.4,182.41 1 0
github.com/scusemua/distributed-notebook/common/scheduling/active_execution.go:182.41,186.5 3 0
github.com/scusemua/distributed-notebook/common/scheduling/active_execution.go:187.9,192.10 3 0
github.com/scusemua/distributed-notebook/common/scheduling/active_execution.go:192.10,196.5 3 0
github.com/scusemua/distributed-notebook/common/scheduling/active_execution.go:198.4,199.10 2 0
github.com/scusemua/distributed-notebook/common/scheduling/active_execution.go:199.10,203.5 3 0
github.com/scusemua/distributed-notebook/common/scheduling/active_execution.go:224.2,224.24 1 0
github.com/scusemua/distributed-notebook/common/scheduling/active_execution.go:238.116,242.66 3 0
github.com/scusemua/distributed-notebook/common/scheduling/active_execution.go:242.66,244.3 1 0
github.com/scusemua/distributed-notebook/common/scheduling/active_execution.go:247.2,247.83 1 0
github.com/scusemua/distributed-notebook/common/scheduling/active_execution.go:247.83,249.3 1 0
github.com/scusemua/distributed-notebook/common/scheduling/active_execution.go:252.2,254.12 2 0
github.com/scusemua/distributed-notebook/common/scheduling/active_execution.go:259.53,261.2 1 0
github.com/scusemua/distributed-notebook/common/scheduling/active_execution.go:265.64,267.2 1 0
github.com/scusemua/distributed-notebook/common/scheduling/active_execution.go:277.61,279.2 1 0
github.com/scusemua/distributed-notebook/common/scheduling/active_execution.go:284.68,285.39 1 0
github.com/scusemua/distributed-notebook/common/scheduling/active_execution.go:285.39,287.3 1 0
github.com/scusemua/distributed-notebook/common/scheduling/active_execution.go:287.8,289.3 1 0
github.com/scusemua/distributed-notebook/common/scheduling/active_execution.go:292.59,294.2 1 0
github.com/scusemua/distributed-notebook/common/scheduling/active_execution.go:296.46,298.2 1 0
github.com/scusemua/distributed-notebook/common/scheduling/active_execution.go:300.41,302.2 1 0
github.com/scusemua/distributed-notebook/common/scheduling/active_execution.go:304.43,308.2 1 0
github.com/scusemua/distributed-notebook/common/scheduling/active_execution.go:311.75,312.37 1 0
github.com/scusemua/distributed-notebook/common/scheduling/active_execution.go:312.37,314.3 1 0
github.com/scusemua/distributed-notebook/common/scheduling/active_execution.go:316.2,319.12 3 0
github.com/scusemua/distributed-notebook/common/scheduling/active_execution.go:323.96,324.37 1 0
github.com/scusemua/distributed-notebook/common/scheduling/active_execution.go:324.37,326.3 1 0
github.com/scusemua/distributed-notebook/common/scheduling/active_execution.go:328.2,331.38 3 0
github.com/scusemua/distributed-notebook/common/scheduling/active_execution.go:331.38,333.3 1 0
github.com/scusemua/distributed-notebook/common/scheduling/active_execution.go:335.2,335.12 1 0
github.com/scusemua/distributed-notebook/common/scheduling/active_execution.go:340.50,342.2 1 0
github.com/scusemua/distributed-notebook/common/scheduling/active_execution.go:344.84,345.39 1 0
github.com/scusemua/distributed-notebook/common/scheduling/active_execution.go:345.39,348.22 2 0
github.com/scusemua/distributed-notebook/common/scheduling/active_execution.go:348.22,350.4 1 0
github.com/scusemua/distributed-notebook/common/scheduling/add_replica_operation.go:14.38,16.2 1 0
github.com/scusemua/distributed-notebook/common/scheduling/add_replica_operation.go:47.118,67.2 2 0
github.com/scusemua/distributed-notebook/common/scheduling/add_replica_operation.go:77.55,79.2 1 0
github.com/scusemua/distributed-notebook/common/scheduling/add_replica_operation.go:82.48,87.2 1 0
github.com/scusemua/distributed-notebook/common/scheduling/add_replica_operation.go:90.68,92.2 1 0
github.com/scusemua/distributed-notebook/common/scheduling/add_replica_operation.go:95.75,97.2 1 0
github.com/scusemua/distributed-notebook/common/scheduling/add_replica_operation.go:100.64,102.2 1 0
github.com/scusemua/distributed-notebook/common/scheduling/add_replica_operation.go:105.72,107.2 1 0
github.com/scusemua/distributed-notebook/common/scheduling/add_replica_operation.go:115.49,117.2 1 0
github.com/scusemua/distributed-notebook/common/scheduling/add_replica_operation.go:120.48,122.2 1 0
github.com/scusemua/distributed-notebook/common/scheduling/add_replica_operation.go:125.53,127.2 1 0
github.com/scusemua/distributed-notebook/common/scheduling/add_replica_operation.go:130.48,132.2 1 0
github.com/scusemua/distributed-notebook/common/scheduling/add_replica_operation.go:135.50,137.2 1 0
github.com/scusemua/distributed-notebook/common/scheduling/add_replica_operation.go:140.50,142.2 1 0
github.com/scusemua/distributed-notebook/common/scheduling/add_replica_operation.go:146.62,153.2 1 0
github.com/scusemua/distributed-notebook/common/scheduling/add_replica_operation.go:156.54,158.2 1 0
github.com/scusemua/distributed-notebook/common/scheduling/add_replica_operation.go:161.56,163.2 1 0
github.com/scusemua/distributed-notebook/common/scheduling/add_replica_operation.go:167.54,188.2 2 0
github.com/scusemua/distributed-notebook/common/scheduling/add_replica_operation.go:191.50,193.2 1 0
github.com/scusemua/distributed-notebook/common/scheduling/add_replica_operation.go:196.57,198.2 1 0
github.com/scusemua/distributed-notebook/common/scheduling/add_replica_operation.go:203.61,204.26 1 0
github.com/scusemua/distributed-notebook/common/scheduling/add_replica_operation.go:204.26,206.3 1 0
github.com/scusemua/distributed-notebook/common/scheduling/add_replica_operation.go:208.2,211.12 3 0
github.com/scusemua/distributed-notebook/common/scheduling/add_replica_operation.go:215.70,217.2 1 0
github.com/scusemua/distributed-notebook/common/scheduling/add_replica_operation.go:220.60,222.2 1 0
github.com/scusemua/distributed-notebook/common/scheduling/add_replica_operation.go:225.68,227.2 1 0
github.com/scusemua/distributed-notebook/common/scheduling/add_replica_operation.go:231.52,233.2 1 0
github.com/scusemua/distributed-notebook/common/scheduling/add_replica_operation.go:236.94,239.2 2 0
github.com/scusemua/distributed-notebook/common/scheduling/add_replica_operation.go:242.80,244.2 1 0
github.com/scusemua/distributed-notebook/common/scheduling/add_replica_operation.go:252.116,258.2 1 0
github.com/scusemua/distributed-notebook/common/scheduling/add_replica_operation.go:261.60,263.2 1 0
github.com/scusemua/distributed-notebook/common/scheduling/add_replica_operation.go:266.59,268.2 1 0
github.com/scusemua/distributed-notebook/common/scheduling/add_replica_operation.go:271.58,273.2 1 0
github.com/scusemua/distributed-notebook/common/scheduling/container_list.go:14.35,16.2 1 0
github.com/scusemua/distributed-notebook/common/scheduling/container_list.go:18.40,20.2 1 0
github.com/scusemua/distributed-notebook/common/scheduling/container_list.go:22.41,23.15 1 0
github.com/scusemua/distributed-notebook/common/scheduling/container_list.go:23.15,25.3 1 0
github.com/scusemua/distributed-notebook/common/scheduling/container_list.go:25.8,25.25 1 0
github.com/scusemua/distributed-notebook/common/scheduling/container_list.go:25.25,27.3 1 0
github.com/scusemua/distributed-notebook/common/scheduling/container_list.go:28.2,31.31 4 0
github.com/scusemua/distributed-notebook/common/scheduling/container_list.go:31.31,34.3 2 0
github.com/scusemua/distributed-notebook/common/scheduling/container_list.go:35.2,36.21 2 0
github.com/scusemua/distributed-notebook/common/scheduling/container_list.go:43.50,45.2 1 0
github.com/scusemua/distributed-notebook/common/scheduling/container_list.go:47.74,50.15 3 0
github.com/scusemua/distributed-notebook/common/scheduling/container_list.go:50.15,51.41 1 0
github.com/scusemua/distributed-notebook/common/scheduling/container_list.go:51.41,53.4 1 0
github.com/scusemua/distributed-notebook/common/scheduling/container_list.go:54.3,56.14 3 0
github.com/scusemua/distributed-notebook/common/scheduling/container_list.go:58.2,58.32 1 0
github.com/scusemua/distributed-notebook/common/scheduling/container_list.go:61.46,62.15 1 0
github.com/scusemua/distributed-notebook/common/scheduling/container_list.go:62.15,64.3 1 0
github.com/scusemua/distributed-notebook/common/scheduling/container_list.go:64.8,64.26 1 0
github.com/scusemua/distributed-notebook/common/scheduling/container_list.go:64.26,66.3 1 0
github.com/scusemua/distributed-notebook/common/scheduling/container_list.go:67.2,70.32 4 0
github.com/scusemua/distributed-notebook/common/scheduling/container_list.go:70.32,73.3 2 0
github.com/scusemua/distributed-notebook/common/scheduling/container_list.go:74.2,75.21 2 0
github.com/scusemua/distributed-notebook/common/scheduling/options.go:53.52,55.2 1 1
github.com/scusemua/distributed-notebook/common/scheduling/options.go:58.56,60.2 1 1
github.com/scusemua/distributed-notebook/common/scheduling/options.go:63.67,65.34 2 0
github.com/scusemua/distributed-notebook/common/scheduling/options.go:65.34,67.3 1 0
github.com/scusemua/distributed-notebook/common/scheduling/options.go:69.2,70.16 2 0
github.com/scusemua/distributed-notebook/common/scheduling/options.go:70.16,71.13 1 0
github.com/scusemua/distributed-notebook/common/scheduling/options.go:74.2,74.18 1 0
github.com/scusemua/distributed-notebook/common/scheduling/options.go:77.47,79.16 2 0
github.com/scusemua/distributed-notebook/common/scheduling/options.go:79.16,80.13 1 0
github.com/scusemua/distributed-notebook/common/scheduling/options.go:83.2,83.18 1 0
github.com/scusemua/distributed-notebook/common/scheduling/options.go:89.65,101.30 1 0
github.com/scusemua/distributed-notebook/common/scheduling/options.go:101.30,103.3 1 0
github.com/scusemua/distributed-notebook/common/scheduling/options.go:109.2,109.49 1 0
github.com/scusemua/distributed-notebook/common/scheduling/options.go:109.49,113.3 2 0
github.com/scusemua/distributed-notebook/common/scheduling/options.go:116.2,116.34 1 0
github.com/scusemua/distributed-notebook/common/scheduling/options.go:116.34,120.3 2 0
github.com/scusemua/distributed-notebook/common/scheduling/options.go:123.2,123.31 1 0
github.com/scusemua/distributed-notebook/common/scheduling/options.go:123.31,127.3 2 0
github.com/scusemua/distributed-notebook/common/scheduling/policy.go:38.36,40.2 1 0
github.com/scusemua/distributed-notebook/common/scheduling/policy.go:45.58,47.2 1 0
github.com/scusemua/distributed-notebook/common/scheduling/policy.go:57.48,59.2 1 0
github.com/scusemua/distributed-notebook/common/scheduling/policy.go:65.45,67.2 1 0
github.com/scusemua/distributed-notebook/common/scheduling/policy.go:167.76,168.17 1 1
github.com/scusemua/distributed-notebook/common/scheduling/policy.go:168.17,169.90 1 0
github.com/scusemua/distributed-notebook/common/scheduling/policy.go:172.2,183.3 1 1
github.com/scusemua/distributed-notebook/common/scheduling/resource/allocation.go:30.54,32.2 1 1
github.com/scusemua/distributed-notebook/common/scheduling/resource/allocation.go:37.41,39.2 1 1
github.com/scusemua/distributed-notebook/common/scheduling/resource/allocation.go:92.76,100.17 2 1
github.com/scusemua/distributed-notebook/common/scheduling/resource/allocation.go:100.17,105.3 4 0
github.com/scusemua/distributed-notebook/common/scheduling/resource/allocation.go:105.8,110.3 4 1
github.com/scusemua/distributed-notebook/common/scheduling/resource/allocation.go:112.2,126.33 2 1
github.com/scusemua/distributed-notebook/common/scheduling/resource/allocation.go:130.38,132.16 2 1
github.com/scusemua/distributed-notebook/common/scheduling/resource/allocation.go:132.16,133.13 1 0
github.com/scusemua/distributed-notebook/common/scheduling/resource/allocation.go:136.2,136.18 1 1
github.com/scusemua/distributed-notebook/common/scheduling/resource/allocation.go:141.44,144.2 1 1
github.com/scusemua/distributed-notebook/common/scheduling/resource/allocation.go:154.42,156.2 1 0
github.com/scusemua/distributed-notebook/common/scheduling/resource/allocation.go:160.57,167.2 1 1
github.com/scusemua/distributed-notebook/common/scheduling/resource/allocation.go:170.39,172.2 1 0
github.com/scusemua/distributed-notebook/common/scheduling/resource/allocation.go:176.39,178.2 1 1
github.com/scusemua/distributed-notebook/common/scheduling/resource/allocation.go:182.41,184.2 1 1
github.com/scusemua/distributed-notebook/common/scheduling/resource/allocation.go:201.56,205.2 1 1
github.com/scusemua/distributed-notebook/common/scheduling/resource/allocation.go:210.74,213.2 2 0
github.com/scusemua/distributed-notebook/common/scheduling/resource/allocation.go:216.98,219.2 2 1
github.com/scusemua/distributed-notebook/common/scheduling/resource/allocation.go:222.100,226.2 3 1
github.com/scusemua/distributed-notebook/common/scheduling/resource/allocation.go:229.71,232.2 2 1
github.com/scusemua/distributed-notebook/common/scheduling/resource/allocation.go:235.73,238.2 2 1
github.com/scusemua/distributed-notebook/common/scheduling/resource/allocation.go:242.81,245.2 2 1
github.com/scusemua/distributed-notebook/common/scheduling/resource/allocation.go:249.79,252.2 2 1
github.com/scusemua/distributed-notebook/common/scheduling/resource/allocation.go:255.67,268.2 1 1
github.com/scusemua/distributed-notebook/common/scheduling/resource/allocation_manager.go:75.71,91.2 7 1
github.com/scusemua/distributed-notebook/common/scheduling/resource/allocation_manager.go:111.66,116.89 4 0
github.com/scusemua/distributed-notebook/common/scheduling/resource/allocation_manager.go:116.89,125.3 3 0
github.com/scusemua/distributed-notebook/common/scheduling/resource/allocation_manager.go:127.2,140.17 3 0
github.com/scusemua/distributed-notebook/common/scheduling/resource/allocation_manager.go:160.83,183.2 9 0
github.com/scusemua/distributed-notebook/common/scheduling/resource/allocation_manager.go:187.61,192.2 3 0
github.com/scusemua/distributed-notebook/common/scheduling/resource/allocation_manager.go:196.69,197.29 1 1
github.com/scusemua/distributed-notebook/common/scheduling/resource/allocation_manager.go:197.29,200.3 2 1
github.com/scusemua/distributed-notebook/common/scheduling/resource/allocation_manager.go:203.2,224.52 9 0
github.com/scusemua/distributed-notebook/common/scheduling/resource/allocation_manager.go:228.106,229.29 1 0
github.com/scusemua/distributed-notebook/common/scheduling/resource/allocation_manager.go:229.29,231.3 1 0
github.com/scusemua/distributed-notebook/common/scheduling/resource/allocation_manager.go:232.2,232.35 1 0
github.com/scusemua/distributed-notebook/common/scheduling/resource/allocation_manager.go:238.56,240.2 1 1
github.com/scusemua/distributed-notebook/common/scheduling/resource/allocation_manager.go:245.56,247.2 1 0
github.com/scusemua/distributed-notebook/common/scheduling/resource/allocation_manager.go:252.60,254.2 1 0
github.com/scusemua/distributed-notebook/common/scheduling/resource/allocation_manager.go:259.56,261.2 1 0
github.com/scusemua/distributed-notebook/common/scheduling/resource/allocation_manager.go:265.64,267.2 1 1
github.com/scusemua/distributed-notebook/common/scheduling/resource/allocation_manager.go:272.56,274.2 1 1
github.com/scusemua/distributed-notebook/common/scheduling/resource/allocation_manager.go:279.56,281.2 1 0
github.com/scusemua/distributed-notebook/common/scheduling/resource/allocation_manager.go:286.60,288.2 1 0
github.com/scusemua/distributed-notebook/common/scheduling/resource/allocation_manager.go:293.58,295.2 1 0
github.com/scusemua/distributed-notebook/common/scheduling/resource/allocation_manager.go:299.64,301.2 1 1
github.com/scusemua/distributed-notebook/common/scheduling/resource/allocation_manager.go:306.61,308.2 1 1
github.com/scusemua/distributed-notebook/common/scheduling/resource/allocation_manager.go:313.61,315.2 1 0
github.com/scusemua/distributed-notebook/common/scheduling/resource/allocation_manager.go:320.65,322.2 1 0
github.com/scusemua/distributed-notebook/common/scheduling/resource/allocation_manager.go:327.63,329.2 1 0
github.com/scusemua/distributed-notebook/common/scheduling/resource/allocation_manager.go:333.69,335.2 1 1
github.com/scusemua/distributed-notebook/common/scheduling/resource/allocation_manager.go:343.59,345.2 1 0
github.com/scusemua/distributed-notebook/common/scheduling/resource/allocation_manager.go:353.59,355.2 1 0
github.com/scusemua/distributed-notebook/common/scheduling/resource/allocation_manager.go:363.63,365.2 1 0
github.com/scusemua/distributed-notebook/common/scheduling/resource/allocation_manager.go:374.59,376.2 1 0
github.com/scusemua/distributed-notebook/common/scheduling/resource/allocation_manager.go:380.67,382.2 1 1
github.com/scusemua/distributed-notebook/common/scheduling/resource/allocation_manager.go:390.67,395.73 4 1
github.com/scusemua/distributed-notebook/common/scheduling/resource/allocation_manager.go:395.73,398.3 1 1
github.com/scusemua/distributed-notebook/common/scheduling/resource/allocation_manager.go:400.2,409.42 5 1
github.com/scusemua/distributed-notebook/common/scheduling/resource/allocation_manager.go:409.42,412.3 2 1
github.com/scusemua/distributed-notebook/common/scheduling/resource/allocation_manager.go:412.8,418.3 2 1
github.com/scusemua/distributed-notebook/common/scheduling/resource/allocation_manager.go:420.2,420.12 1 1
github.com/scusemua/distributed-notebook/common/scheduling/resource/allocation_manager.go:424.90,430.9 5 0
github.com/scusemua/distributed-notebook/common/scheduling/resource/allocation_manager.go:430.9,432.3 1 0
github.com/scusemua/distributed-notebook/common/scheduling/resource/allocation_manager.go:435.2,435.23 1 0
github.com/scusemua/distributed-notebook/common/scheduling/resource/allocation_manager.go:435.23,437.3 1 0
github.com/scusemua/distributed-notebook/common/scheduling/resource/allocation_manager.go:440.2,440.14 1 0
github.com/scusemua/distributed-notebook/common/scheduling/resource/allocation_manager.go:444.97,450.9 5 0
github.com/scusemua/distributed-notebook/common/scheduling/resource/allocation_manager.go:450.9,452.3 1 0
github.com/scusemua/distributed-notebook/common/scheduling/resource/allocation_manager.go:458.2,458.21 1 0
github.com/scusemua/distributed-notebook/common/scheduling/resource/allocation_manager.go:462.92,468.9 5 0
github.com/scusemua/distributed-notebook/common/scheduling/resource/allocation_manager.go:468.9,470.3 1 0
github.com/scusemua/distributed-notebook/common/scheduling/resource/allocation_manager.go:473.2,473.45 1 0
github.com/scusemua/distributed-notebook/common/scheduling/resource/allocation_manager.go:478.84,479.28 1 0
github.com/scusemua/distributed-notebook/common/scheduling/resource/allocation_manager.go:479.28,481.3 1 0
github.com/scusemua/distributed-notebook/common/scheduling/resource/allocation_manager.go:483.2,483.78 1 0
github.com/scusemua/distributed-notebook/common/scheduling/resource/allocation_manager.go:488.86,489.30 1 0
github.com/scusemua/distributed-notebook/common/scheduling/resource/allocation_manager.go:489.30,491.3 1 0
github.com/scusemua/distributed-notebook/common/scheduling/resource/allocation_manager.go:493.2,493.74 1 0
github.com/scusemua/distributed-notebook/common/scheduling/resource/allocation_manager.go:498.50,500.2 1 1
github.com/scusemua/distributed-notebook/common/scheduling/resource/allocation_manager.go:503.59,505.2 1 1
github.com/scusemua/distributed-notebook/common/scheduling/resource/allocation_manager.go:508.57,510.2 1 1
github.com/scusemua/distributed-notebook/common/scheduling/resource/allocation_manager.go:520.88,531.94 5 0
github.com/scusemua/distributed-notebook/common/scheduling/resource/allocation_manager.go:531.94,534.3 1 0
github.com/scusemua/distributed-notebook/common/scheduling/resource/allocation_manager.go:536.2,536.28 1 0
github.com/scusemua/distributed-notebook/common/scheduling/resource/allocation_manager.go:536.28,542.3 2 0
github.com/scusemua/distributed-notebook/common/scheduling/resource/allocation_manager.go:544.2,544.31 1 0
github.com/scusemua/distributed-notebook/common/scheduling/resource/allocation_manager.go:544.31,550.3 2 0
github.com/scusemua/distributed-notebook/common/scheduling/resource/allocation_manager.go:552.2,556.16 3 0
github.com/scusemua/distributed-notebook/common/scheduling/resource/allocation_manager.go:556.16,559.3 2 0
github.com/scusemua/distributed-notebook/common/scheduling/resource/allocation_manager.go:561.2,561.12 1 0
github.com/scusemua/distributed-notebook/common/scheduling/resource/allocation_manager.go:574.116,588.94 5 1
github.com/scusemua/distributed-notebook/common/scheduling/resource/allocation_manager.go:588.94,593.3 2 1
github.com/scusemua/distributed-notebook/common/scheduling/resource/allocation_manager.go:595.2,595.30 1 1
github.com/scusemua/distributed-notebook/common/scheduling/resource/allocation_manager.go:595.30,600.3 2 1
github.com/scusemua/distributed-notebook/common/scheduling/resource/allocation_manager.go:603.2,605.16 3 1
github.com/scusemua/distributed-notebook/common/scheduling/resource/allocation_manager.go:605.16,609.3 2 0
github.com/scusemua/distributed-notebook/common/scheduling/resource/allocation_manager.go:611.2,616.16 4 1
github.com/scusemua/distributed-notebook/common/scheduling/resource/allocation_manager.go:616.16,622.25 3 0
github.com/scusemua/distributed-notebook/common/scheduling/resource/allocation_manager.go:622.25,625.14 2 0
github.com/scusemua/distributed-notebook/common/scheduling/resource/allocation_manager.go:628.3,630.13 2 0
github.com/scusemua/distributed-notebook/common/scheduling/resource/allocation_manager.go:633.2,636.12 2 1
github.com/scusemua/distributed-notebook/common/scheduling/resource/allocation_manager.go:658.136,669.94 5 1
github.com/scusemua/distributed-notebook/common/scheduling/resource/allocation_manager.go:669.94,674.3 2 1
github.com/scusemua/distributed-notebook/common/scheduling/resource/allocation_manager.go:677.2,677.30 1 1
github.com/scusemua/distributed-notebook/common/scheduling/resource/allocation_manager.go:677.30,683.3 2 0
github.com/scusemua/distributed-notebook/common/scheduling/resource/allocation_manager.go:685.2,686.31 2 1
github.com/scusemua/distributed-notebook/common/scheduling/resource/allocation_manager.go:686.31,690.3 3 1
github.com/scusemua/distributed-notebook/common/scheduling/resource/allocation_manager.go:690.8,693.3 2 0
github.com/scusemua/distributed-notebook/common/scheduling/resource/allocation_manager.go:695.2,699.95 2 1
github.com/scusemua/distributed-notebook/common/scheduling/resource/allocation_manager.go:699.95,704.3 2 0
github.com/scusemua/distributed-notebook/common/scheduling/resource/allocation_manager.go:707.2,707.95 1 1
github.com/scusemua/distributed-notebook/common/scheduling/resource/allocation_manager.go:707.95,711.3 2 1
github.com/scusemua/distributed-notebook/common/scheduling/resource/allocation_manager.go:713.2,719.86 2 1
github.com/scusemua/distributed-notebook/common/scheduling/resource/allocation_manager.go:719.86,721.3 1 0
github.com/scusemua/distributed-notebook/common/scheduling/resource/allocation_manager.go:725.2,725.89 1 1
github.com/scusemua/distributed-notebook/common/scheduling/resource/allocation_manager.go:725.89,727.3 1 0
github.com/scusemua/distributed-notebook/common/scheduling/resource/allocation_manager.go:730.2,730.86 1 1
github.com/scusemua/distributed-notebook/common/scheduling/resource/allocation_manager.go:730.86,732.3 1 0
github.com/scusemua/distributed-notebook/common/scheduling/resource/allocation_manager.go:740.2,761.16 12 1
github.com/scusemua/distributed-notebook/common/scheduling/resource/allocation_manager.go:761.16,764.3 2 0
github.com/scusemua/distributed-notebook/common/scheduling/resource/allocation_manager.go:766.2,766.12 1 1
github.com/scusemua/distributed-notebook/common/scheduling/resource/allocation_manager.go:774.95,785.94 5 1
github.com/scusemua/distributed-notebook/common/scheduling/resource/allocation_manager.go:785.94,790.3 2 1
github.com/scusemua/distributed-notebook/common/scheduling/resource/allocation_manager.go:793.2,793.28 1 1
github.com/scusemua/distributed-notebook/common/scheduling/resource/allocation_manager.go:793.28,806.3 2 1
github.com/scusemua/distributed-notebook/common/scheduling/resource/allocation_manager.go:811.2,832.16 7 1
github.com/scusemua/distributed-notebook/common/scheduling/resource/allocation_manager.go:832.16,835.3 2 0
github.com/scusemua/distributed-notebook/common/scheduling/resource/allocation_manager.go:837.2,837.12 1 1
github.com/scusemua/distributed-notebook/common/scheduling/resource/allocation_manager.go:846.109,858.93 5 1
github.com/scusemua/distributed-notebook/common/scheduling/resource/allocation_manager.go:858.93,863.3 2 0
github.com/scusemua/distributed-notebook/common/scheduling/resource/allocation_manager.go:866.2,882.16 6 1
github.com/scusemua/distributed-notebook/common/scheduling/resource/allocation_manager.go:882.16,886.3 2 1
github.com/scusemua/distributed-notebook/common/scheduling/resource/allocation_manager.go:888.2,897.16 4 1
github.com/scusemua/distributed-notebook/common/scheduling/resource/allocation_manager.go:897.16,900.3 2 0
github.com/scusemua/distributed-notebook/common/scheduling/resource/allocation_manager.go:902.2,902.12 1 1
github.com/scusemua/distributed-notebook/common/scheduling/resource/allocation_manager.go:913.84,926.94 6 1
github.com/scusemua/distributed-notebook/common/scheduling/resource/allocation_manager.go:926.94,931.3 2 1
github.com/scusemua/distributed-notebook/common/scheduling/resource/allocation_manager.go:933.2,937.30 2 1
github.com/scusemua/distributed-notebook/common/scheduling/resource/allocation_manager.go:937.30,948.3 3 0
github.com/scusemua/distributed-notebook/common/scheduling/resource/allocation_manager.go:950.2,954.16 3 1
github.com/scusemua/distributed-notebook/common/scheduling/resource/allocation_manager.go:954.16,958.3 2 0
github.com/scusemua/distributed-notebook/common/scheduling/resource/allocation_manager.go:960.2,969.12 5 1
github.com/scusemua/distributed-notebook/common/scheduling/resource/allocation_manager.go:974.87,976.2 1 0
github.com/scusemua/distributed-notebook/common/scheduling/resource/allocation_manager.go:983.105,984.81 1 0
github.com/scusemua/distributed-notebook/common/scheduling/resource/allocation_manager.go:984.81,986.3 1 0
github.com/scusemua/distributed-notebook/common/scheduling/resource/allocation_manager.go:988.2,988.18 1 0
github.com/scusemua/distributed-notebook/common/scheduling/resource/allocation_manager.go:1004.67,1011.17 2 1
github.com/scusemua/distributed-notebook/common/scheduling/resource/allocation_manager.go:1011.17,1013.3 1 0
github.com/scusemua/distributed-notebook/common/scheduling/resource/allocation_manager.go:1016.2,1017.17 2 1
github.com/scusemua/distributed-notebook/common/scheduling/resource/allocation_manager.go:1017.17,1019.3 1 0
github.com/scusemua/distributed-notebook/common/scheduling/resource/allocation_manager.go:1022.2,1023.17 2 1
github.com/scusemua/distributed-notebook/common/scheduling/resource/allocation_manager.go:1023.17,1025.3 1 0
github.com/scusemua/distributed-notebook/common/scheduling/resource/allocation_manager.go:1028.2,1029.17 2 1
github.com/scusemua/distributed-notebook/common/scheduling/resource/allocation_manager.go:1029.17,1031.3 1 0
github.com/scusemua/distributed-notebook/common/scheduling/resource/allocation_manager.go:1038.2,1039.13 2 1
github.com/scusemua/distributed-notebook/common/scheduling/resource/allocation_manager.go:1039.13,1043.3 1 0
github.com/scusemua/distributed-notebook/common/scheduling/resource/allocation_manager.go:1046.2,1047.13 2 1
github.com/scusemua/distributed-notebook/common/scheduling/resource/allocation_manager.go:1047.13,1051.3 1 0
github.com/scusemua/distributed-notebook/common/scheduling/resource/allocation_manager.go:1056.2,1057.43 2 1
github.com/scusemua/distributed-notebook/common/scheduling/resource/allocation_manager.go:1057.43,1063.16 2 1
github.com/scusemua/distributed-notebook/common/scheduling/resource/allocation_manager.go:1063.16,1067.4 1 0
github.com/scusemua/distributed-notebook/common/scheduling/resource/allocation_manager.go:1070.3,1071.14 2 1
github.com/scusemua/distributed-notebook/common/scheduling/resource/allocation_manager.go:1071.14,1074.4 1 0
github.com/scusemua/distributed-notebook/common/scheduling/resource/allocation_manager.go:1077.2,1077.12 1 1
github.com/scusemua/distributed-notebook/common/scheduling/resource/allocation_manager.go:1080.120,1084.89 2 1
github.com/scusemua/distributed-notebook/common/scheduling/resource/allocation_manager.go:1084.89,1086.3 1 0
github.com/scusemua/distributed-notebook/common/scheduling/resource/allocation_manager.go:1088.2,1098.16 5 1
github.com/scusemua/distributed-notebook/common/scheduling/resource/allocation_manager.go:1098.16,1101.3 2 0
github.com/scusemua/distributed-notebook/common/scheduling/resource/allocation_manager.go:1103.2,1103.12 1 1
github.com/scusemua/distributed-notebook/common/scheduling/resource/allocation_manager.go:1106.168,1108.88 1 1
github.com/scusemua/distributed-notebook/common/scheduling/resource/allocation_manager.go:1108.88,1113.3 2 1
github.com/scusemua/distributed-notebook/common/scheduling/resource/allocation_manager.go:1115.2,1120.77 2 1
github.com/scusemua/distributed-notebook/common/scheduling/resource/allocation_manager.go:1120.77,1124.3 1 0
github.com/scusemua/distributed-notebook/common/scheduling/resource/allocation_manager.go:1126.2,1135.12 4 1
github.com/scusemua/distributed-notebook/common/scheduling/resource/allocation_manager.go:1149.104,1156.2 3 1
github.com/scusemua/distributed-notebook/common/scheduling/resource/allocation_manager.go:1174.124,1175.23 1 1
github.com/scusemua/distributed-notebook/common/scheduling/resource/allocation_manager.go:1175.23,1176.50 1 0
github.com/scusemua/distributed-notebook/common/scheduling/resource/allocation_manager.go:1180.2,1180.31 1 1
github.com/scusemua/distributed-notebook/common/scheduling/resource/allocation_manager.go:1180.31,1182.3 1 1
github.com/scusemua/distributed-notebook/common/scheduling/resource/allocation_manager.go:1184.2,1189.81 2 1
github.com/scusemua/distributed-notebook/common/scheduling/resource/allocation_manager.go:1189.81,1192.13 1 0
github.com/scusemua/distributed-notebook/common/scheduling/resource/allocation_manager.go:1196.2,1196.84 1 1
github.com/scusemua/distributed-notebook/common/scheduling/resource/allocation_manager.go:1196.84,1199.13 1 0
github.com/scusemua/distributed-notebook/common/scheduling/resource/allocation_manager.go:1203.2,1203.91 1 1
github.com/scusemua/distributed-notebook/common/scheduling/resource/allocation_manager.go:1203.91,1206.13 1 0
github.com/scusemua/distributed-notebook/common/scheduling/resource/allocation_manager.go:1209.2,1210.139 1 1
github.com/scusemua/distributed-notebook/common/scheduling/resource/error.go:69.56,79.2 1 0
github.com/scusemua/distributed-notebook/common/scheduling/resource/error.go:86.106,96.2 1 0
github.com/scusemua/distributed-notebook/common/scheduling/resource/error.go:99.54,101.2 1 0
github.com/scusemua/distributed-notebook/common/scheduling/resource/error.go:103.53,104.37 1 0
github.com/scusemua/distributed-notebook/common/scheduling/resource/error.go:104.37,107.3 1 0
github.com/scusemua/distributed-notebook/common/scheduling/resource/error.go:107.8,110.3 1 0
github.com/scusemua/distributed-notebook/common/scheduling/resource/host_resources.go:15.33,17.2 1 1
github.com/scusemua/distributed-notebook/common/scheduling/resource/host_resources.go:34.62,40.2 3 0
github.com/scusemua/distributed-notebook/common/scheduling/resource/host_resources.go:50.104,56.65 3 0
github.com/scusemua/distributed-notebook/common/scheduling/resource/host_resources.go:56.65,58.3 1 0
github.com/scusemua/distributed-notebook/common/scheduling/resource/host_resources.go:61.2,61.58 1 0
github.com/scusemua/distributed-notebook/common/scheduling/resource/host_resources.go:61.58,64.3 1 0
github.com/scusemua/distributed-notebook/common/scheduling/resource/host_resources.go:66.2,72.12 6 0
github.com/scusemua/distributed-notebook/common/scheduling/resource/host_resources.go:78.87,92.2 4 0
github.com/scusemua/distributed-notebook/common/scheduling/resource/host_resources.go:97.84,111.2 4 0
github.com/scusemua/distributed-notebook/common/scheduling/resource/host_resources.go:118.62,123.2 3 1
github.com/scusemua/distributed-notebook/common/scheduling/resource/host_resources.go:130.68,137.2 1 1
github.com/scusemua/distributed-notebook/common/scheduling/resource/host_resources.go:149.71,156.46 5 0
github.com/scusemua/distributed-notebook/common/scheduling/resource/host_resources.go:156.46,158.3 1 0
github.com/scusemua/distributed-notebook/common/scheduling/resource/host_resources.go:160.2,160.44 1 0
github.com/scusemua/distributed-notebook/common/scheduling/resource/host_resources.go:160.44,162.3 1 0
github.com/scusemua/distributed-notebook/common/scheduling/resource/host_resources.go:164.2,164.36 1 0
github.com/scusemua/distributed-notebook/common/scheduling/resource/host_resources.go:164.36,166.3 1 0
github.com/scusemua/distributed-notebook/common/scheduling/resource/host_resources.go:168.2,168.40 1 0
github.com/scusemua/distributed-notebook/common/scheduling/resource/host_resources.go:168.40,170.3 1 0
github.com/scusemua/distributed-notebook/common/scheduling/resource/host_resources.go:172.2,172.25 1 0
github.com/scusemua/distributed-notebook/common/scheduling/resource/host_resources.go:182.78,189.53 5 1
github.com/scusemua/distributed-notebook/common/scheduling/resource/host_resources.go:189.53,191.3 1 0
github.com/scusemua/distributed-notebook/common/scheduling/resource/host_resources.go:193.2,193.51 1 1
github.com/scusemua/distributed-notebook/common/scheduling/resource/host_resources.go:193.51,195.3 1 0
github.com/scusemua/distributed-notebook/common/scheduling/resource/host_resources.go:197.2,197.43 1 1
github.com/scusemua/distributed-notebook/common/scheduling/resource/host_resources.go:197.43,199.3 1 0
github.com/scusemua/distributed-notebook/common/scheduling/resource/host_resources.go:201.2,201.47 1 1
github.com/scusemua/distributed-notebook/common/scheduling/resource/host_resources.go:201.47,203.3 1 0
github.com/scusemua/distributed-notebook/common/scheduling/resource/host_resources.go:205.2,205.25 1 1
github.com/scusemua/distributed-notebook/common/scheduling/resource/host_resources.go:215.74,222.49 5 0
github.com/scusemua/distributed-notebook/common/scheduling/resource/host_resources.go:222.49,224.3 1 0
github.com/scusemua/distributed-notebook/common/scheduling/resource/host_resources.go:226.2,226.47 1 0
github.com/scusemua/distributed-notebook/common/scheduling/resource/host_resources.go:226.47,228.3 1 0
github.com/scusemua/distributed-notebook/common/scheduling/resource/host_resources.go:230.2,230.39 1 0
github.com/scusemua/distributed-notebook/common/scheduling/resource/host_resources.go:230.39,232.3 1 0
github.com/scusemua/distributed-notebook/common/scheduling/resource/host_resources.go:234.2,234.43 1 0
github.com/scusemua/distributed-notebook/common/scheduling/resource/host_resources.go:234.43,236.3 1 0
github.com/scusemua/distributed-notebook/common/scheduling/resource/host_resources.go:238.2,238.25 1 0
github.com/scusemua/distributed-notebook/common/scheduling/resource/host_resources.go:248.81,255.56 5 0
github.com/scusemua/distributed-notebook/common/scheduling/resource/host_resources.go:255.56,257.3 1 0
github.com/scusemua/distributed-notebook/common/scheduling/resource/host_resources.go:259.2,259.54 1 0
github.com/scusemua/distributed-notebook/common/scheduling/resource/host_resources.go:259.54,261.3 1 0
github.com/scusemua/distributed-notebook/common/scheduling/resource/host_resources.go:263.2,263.46 1 0
github.com/scusemua/distributed-notebook/common/scheduling/resource/host_resources.go:263.46,265.3 1 0
github.com/scusemua/distributed-notebook/common/scheduling/resource/host_resources.go:267.2,267.50 1 0
github.com/scusemua/distributed-notebook/common/scheduling/resource/host_resources.go:267.50,269.3 1 0
github.com/scusemua/distributed-notebook/common/scheduling/resource/host_resources.go:271.2,271.25 1 0
github.com/scusemua/distributed-notebook/common/scheduling/resource/host_resources.go:281.70,288.44 5 1
github.com/scusemua/distributed-notebook/common/scheduling/resource/host_resources.go:288.44,290.3 1 0
github.com/scusemua/distributed-notebook/common/scheduling/resource/host_resources.go:292.2,292.42 1 1
github.com/scusemua/distributed-notebook/common/scheduling/resource/host_resources.go:292.42,294.3 1 0
github.com/scusemua/distributed-notebook/common/scheduling/resource/host_resources.go:296.2,296.34 1 1
github.com/scusemua/distributed-notebook/common/scheduling/resource/host_resources.go:296.34,298.3 1 0
github.com/scusemua/distributed-notebook/common/scheduling/resource/host_resources.go:300.2,300.38 1 1
github.com/scusemua/distributed-notebook/common/scheduling/resource/host_resources.go:300.38,302.3 1 0
github.com/scusemua/distributed-notebook/common/scheduling/resource/host_resources.go:304.2,304.25 1 1
github.com/scusemua/distributed-notebook/common/scheduling/resource/host_resources.go:312.49,316.41 3 1
github.com/scusemua/distributed-notebook/common/scheduling/resource/host_resources.go:316.41,318.3 1 0
github.com/scusemua/distributed-notebook/common/scheduling/resource/host_resources.go:320.2,320.40 1 1
github.com/scusemua/distributed-notebook/common/scheduling/resource/host_resources.go:320.40,322.3 1 0
github.com/scusemua/distributed-notebook/common/scheduling/resource/host_resources.go:324.2,324.36 1 1
github.com/scusemua/distributed-notebook/common/scheduling/resource/host_resources.go:324.36,326.3 1 0
github.com/scusemua/distributed-notebook/common/scheduling/resource/host_resources.go:328.2,328.38 1 1
github.com/scusemua/distributed-notebook/common/scheduling/resource/host_resources.go:328.38,330.3 1 0
github.com/scusemua/distributed-notebook/common/scheduling/resource/host_resources.go:332.2,332.25 1 1
github.com/scusemua/distributed-notebook/common/scheduling/resource/host_resources.go:340.66,344.17 3 0
github.com/scusemua/distributed-notebook/common/scheduling/resource/host_resources.go:344.17,346.3 1 0
github.com/scusemua/distributed-notebook/common/scheduling/resource/host_resources.go:348.2,348.20 1 0
github.com/scusemua/distributed-notebook/common/scheduling/resource/host_resources.go:348.20,350.3 1 0
github.com/scusemua/distributed-notebook/common/scheduling/resource/host_resources.go:352.2,352.17 1 0
github.com/scusemua/distributed-notebook/common/scheduling/resource/host_resources.go:352.17,354.3 1 0
github.com/scusemua/distributed-notebook/common/scheduling/resource/host_resources.go:356.2,356.18 1 0
github.com/scusemua/distributed-notebook/common/scheduling/resource/host_resources.go:356.18,358.3 1 0
github.com/scusemua/distributed-notebook/common/scheduling/resource/host_resources.go:360.2,360.60 1 0
github.com/scusemua/distributed-notebook/common/scheduling/resource/host_resources.go:372.59,376.32 3 1
github.com/scusemua/distributed-notebook/common/scheduling/resource/host_resources.go:376.32,378.3 1 0
github.com/scusemua/distributed-notebook/common/scheduling/resource/host_resources.go:380.2,380.31 1 1
github.com/scusemua/distributed-notebook/common/scheduling/resource/host_resources.go:380.31,382.3 1 0
github.com/scusemua/distributed-notebook/common/scheduling/resource/host_resources.go:384.2,384.27 1 1
github.com/scusemua/distributed-notebook/common/scheduling/resource/host_resources.go:384.27,386.3 1 0
github.com/scusemua/distributed-notebook/common/scheduling/resource/host_resources.go:388.2,388.29 1 1
github.com/scusemua/distributed-notebook/common/scheduling/resource/host_resources.go:388.29,390.3 1 0
github.com/scusemua/distributed-notebook/common/scheduling/resource/host_resources.go:392.2,392.26 1 1
github.com/scusemua/distributed-notebook/common/scheduling/resource/host_resources.go:395.43,402.2 3 1
github.com/scusemua/distributed-notebook/common/scheduling/resource/host_resources.go:404.51,406.2 1 0
github.com/scusemua/distributed-notebook/common/scheduling/resource/host_resources.go:408.46,413.2 3 0
github.com/scusemua/distributed-notebook/common/scheduling/resource/host_resources.go:415.63,420.2 3 0
github.com/scusemua/distributed-notebook/common/scheduling/resource/host_resources.go:423.65,428.2 3 0
github.com/scusemua/distributed-notebook/common/scheduling/resource/host_resources.go:431.42,436.2 3 0
github.com/scusemua/distributed-notebook/common/scheduling/resource/host_resources.go:440.59,445.2 3 0
github.com/scusemua/distributed-notebook/common/scheduling/resource/host_resources.go:448.59,453.2 3 0
github.com/scusemua/distributed-notebook/common/scheduling/resource/host_resources.go:455.42,460.2 3 0
github.com/scusemua/distributed-notebook/common/scheduling/resource/host_resources.go:462.59,467.2 3 1
github.com/scusemua/distributed-notebook/common/scheduling/resource/host_resources.go:470.57,475.2 3 1
github.com/scusemua/distributed-notebook/common/scheduling/resource/host_resources.go:477.47,482.2 3 0
github.com/scusemua/distributed-notebook/common/scheduling/resource/host_resources.go:484.64,489.2 3 0
github.com/scusemua/distributed-notebook/common/scheduling/resource/host_resources.go:492.67,497.2 3 0
github.com/scusemua/distributed-notebook/common/scheduling/resource/host_resources.go:506.62,512.40 5 1
github.com/scusemua/distributed-notebook/common/scheduling/resource/host_resources.go:512.40,516.3 1 0
github.com/scusemua/distributed-notebook/common/scheduling/resource/host_resources.go:518.2,520.42 3 1
github.com/scusemua/distributed-notebook/common/scheduling/resource/host_resources.go:520.42,524.3 1 0
github.com/scusemua/distributed-notebook/common/scheduling/resource/host_resources.go:526.2,528.40 3 1
github.com/scusemua/distributed-notebook/common/scheduling/resource/host_resources.go:528.40,532.3 1 0
github.com/scusemua/distributed-notebook/common/scheduling/resource/host_resources.go:534.2,536.40 3 1
github.com/scusemua/distributed-notebook/common/scheduling/resource/host_resources.go:536.40,540.3 1 0
github.com/scusemua/distributed-notebook/common/scheduling/resource/host_resources.go:544.2,549.12 5 1
github.com/scusemua/distributed-notebook/common/scheduling/resource/host_resources.go:559.67,565.40 5 1
github.com/scusemua/distributed-notebook/common/scheduling/resource/host_resources.go:565.40,569.3 1 0
github.com/scusemua/distributed-notebook/common/scheduling/resource/host_resources.go:571.2,573.42 3 1
github.com/scusemua/distributed-notebook/common/scheduling/resource/host_resources.go:573.42,577.3 1 0
github.com/scusemua/distributed-notebook/common/scheduling/resource/host_resources.go:579.2,581.40 3 1
github.com/scusemua/distributed-notebook/common/scheduling/resource/host_resources.go:581.40,585.3 1 0
github.com/scusemua/distributed-notebook/common/scheduling/resource/host_resources.go:587.2,589.40 3 1
github.com/scusemua/distributed-notebook/common/scheduling/resource/host_resources.go:589.40,593.3 1 0
github.com/scusemua/distributed-notebook/common/scheduling/resource/host_resources.go:597.2,602.12 5 1
github.com/scusemua/distributed-notebook/common/scheduling/resource/host_resources.go:608.58,614.60 4 0
github.com/scusemua/distributed-notebook/common/scheduling/resource/host_resources.go:614.60,617.3 1 0
github.com/scusemua/distributed-notebook/common/scheduling/resource/host_resources.go:617.8,619.3 1 0
github.com/scusemua/distributed-notebook/common/scheduling/resource/host_resources.go:621.2,624.50 1 0
github.com/scusemua/distributed-notebook/common/scheduling/resource/host_resources.go:633.68,639.60 4 1
github.com/scusemua/distributed-notebook/common/scheduling/resource/host_resources.go:639.60,642.3 1 1
github.com/scusemua/distributed-notebook/common/scheduling/resource/host_resources.go:642.8,644.3 1 0
github.com/scusemua/distributed-notebook/common/scheduling/resource/host_resources.go:646.2,652.30 6 1
github.com/scusemua/distributed-notebook/common/scheduling/resource/host_resources.go:652.30,654.3 1 1
github.com/scusemua/distributed-notebook/common/scheduling/resource/host_resources.go:656.2,656.30 1 1
github.com/scusemua/distributed-notebook/common/scheduling/resource/host_resources.go:656.30,658.3 1 1
github.com/scusemua/distributed-notebook/common/scheduling/resource/host_resources.go:660.2,660.32 1 1
github.com/scusemua/distributed-notebook/common/scheduling/resource/host_resources.go:660.32,662.3 1 1
github.com/scusemua/distributed-notebook/common/scheduling/resource/host_resources.go:664.2,664.30 1 1
github.com/scusemua/distributed-notebook/common/scheduling/resource/host_resources.go:664.30,666.3 1 1
github.com/scusemua/distributed-notebook/common/scheduling/resource/host_resources.go:668.2,668.29 1 1
github.com/scusemua/distributed-notebook/common/scheduling/resource/host_resources.go:668.29,670.3 1 1
github.com/scusemua/distributed-notebook/common/scheduling/resource/host_resources.go:670.8,672.3 1 1
github.com/scusemua/distributed-notebook/common/scheduling/resource/manager.go:101.111,107.2 1 1
github.com/scusemua/distributed-notebook/common/scheduling/resource/manager.go:109.52,111.2 1 1
github.com/scusemua/distributed-notebook/common/scheduling/resource/manager.go:113.58,116.2 2 0
github.com/scusemua/distributed-notebook/common/scheduling/resource/manager.go:118.53,121.2 1 1
github.com/scusemua/distributed-notebook/common/scheduling/resource/manager.go:126.31,128.2 1 0
github.com/scusemua/distributed-notebook/common/scheduling/resource/manager.go:135.40,137.2 1 0
github.com/scusemua/distributed-notebook/common/scheduling/resource/manager.go:157.43,192.2 2 1
github.com/scusemua/distributed-notebook/common/scheduling/resource/manager.go:194.54,201.2 3 0
github.com/scusemua/distributed-notebook/common/scheduling/resource/manager.go:210.130,215.56 3 0
github.com/scusemua/distributed-notebook/common/scheduling/resource/manager.go:215.56,218.3 1 0
github.com/scusemua/distributed-notebook/common/scheduling/resource/manager.go:220.2,221.94 2 0
github.com/scusemua/distributed-notebook/common/scheduling/resource/manager.go:221.94,223.3 1 0
github.com/scusemua/distributed-notebook/common/scheduling/resource/manager.go:225.2,225.100 1 0
github.com/scusemua/distributed-notebook/common/scheduling/resource/manager.go:225.100,227.3 1 0
github.com/scusemua/distributed-notebook/common/scheduling/resource/manager.go:229.2,229.104 1 0
github.com/scusemua/distributed-notebook/common/scheduling/resource/manager.go:229.104,231.3 1 0
github.com/scusemua/distributed-notebook/common/scheduling/resource/manager.go:233.2,233.94 1 0
github.com/scusemua/distributed-notebook/common/scheduling/resource/manager.go:233.94,235.3 1 0
github.com/scusemua/distributed-notebook/common/scheduling/resource/manager.go:237.2,237.12 1 0
github.com/scusemua/distributed-notebook/common/scheduling/resource/manager.go:241.35,247.2 3 1
github.com/scusemua/distributed-notebook/common/scheduling/resource/manager.go:251.50,256.2 3 1
github.com/scusemua/distributed-notebook/common/scheduling/resource/manager.go:260.53,265.2 3 1
github.com/scusemua/distributed-notebook/common/scheduling/resource/manager.go:269.55,274.2 3 1
github.com/scusemua/distributed-notebook/common/scheduling/resource/manager.go:278.50,283.2 3 1
github.com/scusemua/distributed-notebook/common/scheduling/resource/manager.go:287.84,292.2 3 0
github.com/scusemua/distributed-notebook/common/scheduling/resource/manager.go:296.87,301.2 3 0
github.com/scusemua/distributed-notebook/common/scheduling/resource/manager.go:305.89,310.2 3 0
github.com/scusemua/distributed-notebook/common/scheduling/resource/manager.go:314.84,319.2 3 0
github.com/scusemua/distributed-notebook/common/scheduling/resource/manager.go:323.89,328.2 3 0
github.com/scusemua/distributed-notebook/common/scheduling/resource/manager.go:332.92,337.2 3 0
github.com/scusemua/distributed-notebook/common/scheduling/resource/manager.go:341.94,346.2 3 0
github.com/scusemua/distributed-notebook/common/scheduling/resource/manager.go:350.89,355.2 3 0
github.com/scusemua/distributed-notebook/common/scheduling/resource/manager.go:359.94,360.16 1 0
github.com/scusemua/distributed-notebook/common/scheduling/resource/manager.go:361.21,362.3 1 0
github.com/scusemua/distributed-notebook/common/scheduling/resource/manager.go:362.3,364.4 1 0
github.com/scusemua/distributed-notebook/common/scheduling/resource/manager.go:365.24,366.3 1 0
github.com/scusemua/distributed-notebook/common/scheduling/resource/manager.go:366.3,368.4 1 0
github.com/scusemua/distributed-notebook/common/scheduling/resource/manager.go:369.26,370.3 1 0
github.com/scusemua/distributed-notebook/common/scheduling/resource/manager.go:370.3,372.4 1 0
github.com/scusemua/distributed-notebook/common/scheduling/resource/manager.go:373.21,374.3 1 0
github.com/scusemua/distributed-notebook/common/scheduling/resource/manager.go:374.3,376.4 1 0
github.com/scusemua/distributed-notebook/common/scheduling/resource/manager.go:377.10,378.3 1 0
github.com/scusemua/distributed-notebook/common/scheduling/resource/manager.go:378.3,381.4 2 0
github.com/scusemua/distributed-notebook/common/scheduling/resource/proto.go:15.96,17.2 1 0
github.com/scusemua/distributed-notebook/common/scheduling/resource/proto.go:19.99,21.2 1 0
github.com/scusemua/distributed-notebook/common/scheduling/resource/proto.go:23.101,25.2 1 0
github.com/scusemua/distributed-notebook/common/scheduling/resource/proto.go:27.96,29.2 1 0
github.com/scusemua/distributed-notebook/common/scheduling/resource/proto.go:31.83,33.41 2 0
github.com/scusemua/distributed-notebook/common/scheduling/resource/proto.go:33.41,35.3 1 0
github.com/scusemua/distributed-notebook/common/scheduling/resource/proto.go:36.2,36.22 1 0
github.com/scusemua/distributed-notebook/common/scheduling/resource/proto.go:39.61,41.2 1 0
github.com/scusemua/distributed-notebook/common/scheduling/resource/proto.go:43.67,45.2 1 0
github.com/scusemua/distributed-notebook/common/scheduling/resource/proto.go:47.64,49.2 1 0
github.com/scusemua/distributed-notebook/common/scheduling/resource/proto.go:51.67,53.2 1 0
github.com/scusemua/distributed-notebook/common/scheduling/resource/proto.go:55.72,57.2 1 0
github.com/scusemua/distributed-notebook/common/scheduling/resource/proto.go:59.78,61.2 1 0
github.com/scusemua/distributed-notebook/common/scheduling/resource/snapshot.go:45.65,48.41 2 0
github.com/scusemua/distributed-notebook/common/scheduling/resource/snapshot.go:48.41,50.3 1 0
github.com/scusemua/distributed-notebook/common/scheduling/resource/snapshot.go:52.2,52.19 1 0
github.com/scusemua/distributed-notebook/common/scheduling/resource/snapshot.go:61.60,62.16 1 0
github.com/scusemua/distributed-notebook/common/scheduling/resource/snapshot.go:62.16,64.3 1 0
github.com/scusemua/distributed-notebook/common/scheduling/resource/snapshot.go:66.2,67.9 2 0
github.com/scusemua/distributed-notebook/common/scheduling/resource/snapshot.go:67.9,70.3 1 0
github.com/scusemua/distributed-notebook/common/scheduling/resource/snapshot.go:72.2,72.47 1 0
github.com/scusemua/distributed-notebook/common/scheduling/resource/snapshot.go:72.47,74.3 1 0
github.com/scusemua/distributed-notebook/common/scheduling/resource/snapshot.go:74.8,74.55 1 0
github.com/scusemua/distributed-notebook/common/scheduling/resource/snapshot.go:74.55,76.3 1 0
github.com/scusemua/distributed-notebook/common/scheduling/resource/snapshot.go:76.8,78.3 1 0
github.com/scusemua/distributed-notebook/common/scheduling/resource/snapshot.go:82.43,84.28 2 0
github.com/scusemua/distributed-notebook/common/scheduling/resource/snapshot.go:84.28,86.3 1 0
github.com/scusemua/distributed-notebook/common/scheduling/resource/snapshot.go:88.2,89.31 2 0
github.com/scusemua/distributed-notebook/common/scheduling/resource/snapshot.go:89.31,91.3 1 0
github.com/scusemua/distributed-notebook/common/scheduling/resource/snapshot.go:93.2,94.33 2 0
github.com/scusemua/distributed-notebook/common/scheduling/resource/snapshot.go:94.33,96.3 1 0
github.com/scusemua/distributed-notebook/common/scheduling/resource/snapshot.go:98.2,99.28 2 0
github.com/scusemua/distributed-notebook/common/scheduling/resource/snapshot.go:99.28,101.3 1 0
github.com/scusemua/distributed-notebook/common/scheduling/resource/snapshot.go:103.2,104.84 1 0
github.com/scusemua/distributed-notebook/common/scheduling/resource/snapshot.go:108.49,110.2 1 0
github.com/scusemua/distributed-notebook/common/scheduling/resource/snapshot.go:113.46,115.2 1 0
github.com/scusemua/distributed-notebook/common/scheduling/resource/snapshot.go:118.49,120.2 1 0
github.com/scusemua/distributed-notebook/common/scheduling/resource/snapshot.go:123.54,125.2 1 0
github.com/scusemua/distributed-notebook/common/scheduling/resource/snapshot.go:128.78,130.2 1 0
github.com/scusemua/distributed-notebook/common/scheduling/resource/snapshot.go:133.81,135.2 1 0
github.com/scusemua/distributed-notebook/common/scheduling/resource/snapshot.go:138.83,140.2 1 0
github.com/scusemua/distributed-notebook/common/scheduling/resource/snapshot.go:143.78,145.2 1 0
github.com/scusemua/distributed-notebook/common/scheduling/resource/snapshot.go:163.57,165.2 1 0
github.com/scusemua/distributed-notebook/common/scheduling/resource/snapshot.go:167.62,169.2 1 0
github.com/scusemua/distributed-notebook/common/scheduling/resource/snapshot.go:171.56,173.2 1 0
github.com/scusemua/distributed-notebook/common/scheduling/resource/snapshot.go:175.57,177.2 1 0
github.com/scusemua/distributed-notebook/common/scheduling/resource/snapshot.go:179.51,181.2 1 0
github.com/scusemua/distributed-notebook/common/scheduling/resource/snapshot.go:183.55,185.2 1 0
github.com/scusemua/distributed-notebook/common/scheduling/resource/snapshot.go:188.51,192.2 1 0
github.com/scusemua/distributed-notebook/common/scheduling/resource/snapshot.go:194.87,203.2 1 0
github.com/scusemua/distributed-notebook/common/scheduling/resource/util.go:15.70,20.2 3 1
github.com/scusemua/distributed-notebook/common/scheduling/resource/util.go:29.56,30.41 1 1
github.com/scusemua/distributed-notebook/common/scheduling/resource/util.go:30.41,32.3 1 1
github.com/scusemua/distributed-notebook/common/scheduling/resource/util.go:34.2,34.10 1 1
github.com/scusemua/distributed-notebook/common/scheduling/resource/utilization.go:32.107,42.35 3 0
github.com/scusemua/distributed-notebook/common/scheduling/resource/utilization.go:42.35,44.3 1 0
github.com/scusemua/distributed-notebook/common/scheduling/resource/utilization.go:46.2,46.13 1 0
github.com/scusemua/distributed-notebook/common/scheduling/resource/utilization.go:49.48,51.2 1 0
github.com/scusemua/distributed-notebook/common/scheduling/resource/utilization.go:53.41,55.2 1 0
github.com/scusemua/distributed-notebook/common/scheduling/resource/utilization.go:57.69,60.2 2 0
github.com/scusemua/distributed-notebook/common/scheduling/resource/utilization.go:62.66,65.2 2 0
github.com/scusemua/distributed-notebook/common/scheduling/resource/utilization.go:67.70,70.2 2 0
github.com/scusemua/distributed-notebook/common/scheduling/resource/utilization.go:77.85,83.24 5 0
github.com/scusemua/distributed-notebook/common/scheduling/resource/utilization.go:83.24,85.3 1 0
github.com/scusemua/distributed-notebook/common/scheduling/resource/utilization.go:87.2,87.10 1 0
github.com/scusemua/distributed-notebook/common/scheduling/resource/utilization.go:90.78,95.29 4 0
github.com/scusemua/distributed-notebook/common/scheduling/resource/utilization.go:95.29,97.3 1 0
github.com/scusemua/distributed-notebook/common/scheduling/resource/utilization.go:99.2,99.10 1 0
github.com/scusemua/distributed-notebook/common/scheduling/resource/utilization.go:102.39,104.16 2 0
github.com/scusemua/distributed-notebook/common/scheduling/resource/utilization.go:104.16,105.13 1 0
github.com/scusemua/distributed-notebook/common/scheduling/resource/utilization.go:108.2,108.18 1 0
github.com/scusemua/distributed-notebook/common/scheduling/resource/utilization.go:111.48,113.16 2 0
github.com/scusemua/distributed-notebook/common/scheduling/resource/utilization.go:113.16,114.13 1 0
github.com/scusemua/distributed-notebook/common/scheduling/resource/utilization.go:117.2,117.18 1 0
github.com/scusemua/distributed-notebook/common/scheduling/resource/utilization.go:121.51,123.2 1 0
github.com/scusemua/distributed-notebook/common/scheduling/resource/utilization.go:126.50,128.2 1 0
github.com/scusemua/distributed-notebook/common/scheduling/resource/utilization.go:131.48,133.2 1 0
github.com/scusemua/distributed-notebook/common/scheduling/resource/utilization.go:136.60,138.2 1 0
github.com/scusemua/distributed-notebook/common/scheduling/resource/utilization.go:141.69,143.2 1 0
github.com/scusemua/distributed-notebook/common/scheduling/resource/utilization.go:146.40,148.2 1 0
github.com/scusemua/distributed-notebook/common/scheduling/scheduler.go:35.48,38.2 1 0
github.com/scusemua/distributed-notebook/common/scheduling/scheduler.go:40.49,42.2 1 0
github.com/scusemua/distributed-notebook/common/scheduling/session.go:23.39,25.2 1 0
